#
# There is insufficient memory for the Java Runtime Environment to continue.
# Native memory allocation (malloc) failed to allocate 357648 bytes for Chunk::new
# Possible reasons:
#   The system is out of physical RAM or swap space
#   The process is running with CompressedOops enabled, and the Java Heap may be blocking the growth of the native heap
# Possible solutions:
#   Reduce memory load on the system
#   Increase physical memory or swap space
#   Check if swap backing store is full
#   Decrease Java heap size (-Xmx/-Xms)
#   Decrease number of Java threads
#   Decrease Java thread stack sizes (-Xss)
#   Set larger code cache with -XX:ReservedCodeCacheSize=
#   JVM is running with Unscaled Compressed Oops mode in which the Java heap is
#     placed in the first 4GB address space. The Java Heap base address is the
#     maximum limit for the native heap growth. Please use -XX:HeapBaseMinAddress
#     to set the Java Heap base and to place the Java Heap above 4GB virtual address.
# This output file may be truncated or incomplete.
#
#  Out of Memory Error (arena.cpp:189), pid=15984, tid=14364
#
# JRE version: OpenJDK Runtime Environment Temurin-17.0.8.1+1 (17.0.8.1+1) (build 17.0.8.1+1)
# Java VM: OpenJDK 64-Bit Server VM Temurin-17.0.8.1+1 (17.0.8.1+1, mixed mode, tiered, compressed oops, compressed class ptrs, parallel gc, windows-amd64)
# No core dump will be written. Minidumps are not enabled by default on client versions of Windows
#

---------------  S U M M A R Y ------------

Command Line: --add-modules=ALL-SYSTEM --add-opens=java.base/java.util=ALL-UNNAMED --add-opens=java.base/java.lang=ALL-UNNAMED --add-opens=java.base/sun.nio.fs=ALL-UNNAMED -Declipse.application=org.eclipse.jdt.ls.core.id1 -Dosgi.bundles.defaultStartLevel=4 -Declipse.product=org.eclipse.jdt.ls.core.product -Djava.import.generatesMetadataFilesAtProjectRoot=false -DDetectVMInstallationsJob.disabled=true -Dfile.encoding=utf8 -XX:+UseParallelGC -XX:GCTimeRatio=4 -XX:AdaptiveSizePolicyWeight=90 -Dsun.zip.disableMemoryMapping=true -Xmx1G -Xms100m -Xlog:disable -javaagent:c:\Users\Acer nitro\.vscode\extensions\redhat.java-1.23.0-win32-x64\lombok\lombok-1.18.30.jar -XX:+HeapDumpOnOutOfMemoryError -XX:HeapDumpPath=c:\Users\Acer nitro\AppData\Roaming\Code\User\workspaceStorage\bcb481e32837b7cec0d356850baa61e6\redhat.java -Daether.dependencyCollector.impl=bf c:\Users\Acer nitro\.vscode\extensions\redhat.java-1.23.0-win32-x64\server\plugins\org.eclipse.equinox.launcher_1.6.500.v20230717-2134.jar -configuration c:\Users\Acer nitro\AppData\Roaming\Code\User\globalStorage\redhat.java\1.23.0\config_win -data c:\Users\Acer nitro\AppData\Roaming\Code\User\workspaceStorage\bcb481e32837b7cec0d356850baa61e6\redhat.java\jdt_ws

Host: AMD Ryzen 5 5600H with Radeon Graphics         , 12 cores, 7G,  Windows 11 , 64 bit Build 22621 (10.0.22621.2215)
Time: Sat Oct  7 20:46:43 2023 SE Asia Standard Time elapsed time: 0.848252 seconds (0d 0h 0m 0s)

---------------  T H R E A D  ---------------

Current thread (0x0000027520a3f860):  JavaThread "C2 CompilerThread0" daemon [_thread_in_native, id=14364, stack(0x0000008913f00000,0x0000008914000000)]


Current CompileTask:
C2:    848 1049       4       java.io.DataInputStream::readUTF (501 bytes)

Stack: [0x0000008913f00000,0x0000008914000000]
Native frames: (J=compiled Java code, j=interpreted, Vv=VM code, C=native code)
V  [jvm.dll+0x678b0a]
V  [jvm.dll+0x835e84]
V  [jvm.dll+0x83762e]
V  [jvm.dll+0x837c93]
V  [jvm.dll+0x24746f]
V  [jvm.dll+0xac20c]
V  [jvm.dll+0xac7dc]
V  [jvm.dll+0x365ca7]
V  [jvm.dll+0x3301a1]
V  [jvm.dll+0x32f64a]
V  [jvm.dll+0x219bf1]
V  [jvm.dll+0x219011]
V  [jvm.dll+0x1a534d]
V  [jvm.dll+0x228d8a]
V  [jvm.dll+0x226dcc]
V  [jvm.dll+0x7ec09b]
V  [jvm.dll+0x7e64ca]
V  [jvm.dll+0x677955]
C  [ucrtbase.dll+0x29363]
C  [KERNEL32.DLL+0x1257d]
C  [ntdll.dll+0x5aa68]


---------------  P R O C E S S  ---------------

Threads class SMR info:
_java_thread_list=0x0000027520d710e0, length=12, elements={
0x0000027505b0d5e0, 0x000002751b8c3030, 0x0000027505bb9f30, 0x000002751b8ce310,
0x0000027520a35000, 0x0000027520a36530, 0x0000027520a3a820, 0x0000027520a3f860,
0x0000027520a42920, 0x0000027520a43a10, 0x0000027520ba1760, 0x0000027520d67960
}

Java Threads: ( => current thread )
  0x0000027505b0d5e0 JavaThread "main" [_thread_in_vm, id=1220, stack(0x0000008913600000,0x0000008913700000)]
  0x000002751b8c3030 JavaThread "Reference Handler" daemon [_thread_blocked, id=3336, stack(0x0000008913900000,0x0000008913a00000)]
  0x0000027505bb9f30 JavaThread "Finalizer" daemon [_thread_blocked, id=1640, stack(0x0000008913a00000,0x0000008913b00000)]
  0x000002751b8ce310 JavaThread "Signal Dispatcher" daemon [_thread_blocked, id=8172, stack(0x0000008913b00000,0x0000008913c00000)]
  0x0000027520a35000 JavaThread "Attach Listener" daemon [_thread_blocked, id=13828, stack(0x0000008913c00000,0x0000008913d00000)]
  0x0000027520a36530 JavaThread "Service Thread" daemon [_thread_blocked, id=16844, stack(0x0000008913d00000,0x0000008913e00000)]
  0x0000027520a3a820 JavaThread "Monitor Deflation Thread" daemon [_thread_blocked, id=16724, stack(0x0000008913e00000,0x0000008913f00000)]
=>0x0000027520a3f860 JavaThread "C2 CompilerThread0" daemon [_thread_in_native, id=14364, stack(0x0000008913f00000,0x0000008914000000)]
  0x0000027520a42920 JavaThread "C1 CompilerThread0" daemon [_thread_blocked, id=16460, stack(0x0000008914000000,0x0000008914100000)]
  0x0000027520a43a10 JavaThread "Sweeper thread" daemon [_thread_blocked, id=16852, stack(0x0000008914100000,0x0000008914200000)]
  0x0000027520ba1760 JavaThread "Common-Cleaner" daemon [_thread_blocked, id=16472, stack(0x0000008914200000,0x0000008914300000)]
  0x0000027520d67960 JavaThread "Notification Thread" daemon [_thread_blocked, id=19500, stack(0x0000008914400000,0x0000008914500000)]

Other Threads:
  0x0000027520a13870 VMThread "VM Thread" [stack: 0x0000008913800000,0x0000008913900000] [id=9560]
  0x0000027520d78c30 WatcherThread [stack: 0x0000008914500000,0x0000008914600000] [id=19504]
  0x0000027505b22c50 GCTaskThread "GC Thread#0" [stack: 0x0000008913700000,0x0000008913800000] [id=18152]
  0x0000027522c84a60 GCTaskThread "GC Thread#1" [stack: 0x0000008914600000,0x0000008914700000] [id=19712]
  0x0000027522c84d20 GCTaskThread "GC Thread#2" [stack: 0x0000008914700000,0x0000008914800000] [id=19740]
  0x0000027522eadfe0 GCTaskThread "GC Thread#3" [stack: 0x0000008914800000,0x0000008914900000] [id=19744]
  0x0000027522eae2a0 GCTaskThread "GC Thread#4" [stack: 0x0000008914900000,0x0000008914a00000] [id=19748]
  0x0000027522eae560 GCTaskThread "GC Thread#5" [stack: 0x0000008914a00000,0x0000008914b00000] [id=19752]
  0x0000027522eae820 GCTaskThread "GC Thread#6" [stack: 0x0000008914b00000,0x0000008914c00000] [id=19756]

Threads with active compile tasks:
C2 CompilerThread0      877 1049       4       java.io.DataInputStream::readUTF (501 bytes)

VM state: not at safepoint (normal execution)

VM Mutex/Monitor currently owned by a thread:  ([mutex/lock_event])
[0x0000027505b088a0] Metaspace_lock - owner thread: 0x0000027505b0d5e0

OutOfMemory and StackOverflow Exception counts:
OutOfMemoryError java_heap_errors=1
LinkageErrors=8

Heap address: 0x00000000c0000000, size: 1024 MB, Compressed Oops mode: 32-bit

CDS archive(s) not mapped
Compressed class space mapped at: 0x0000000100000000-0x0000000140000000, reserved size: 1073741824
Narrow klass base: 0x0000000000000000, Narrow klass shift: 3, Narrow klass range: 0x140000000

GC Precious Log:
 CPUs: 12 total, 12 available
 Memory: 7532M
 Large Page Support: Disabled
 NUMA Support: Disabled
 Compressed Oops: Enabled (32-bit)
 Alignments: Space 512K, Generation 512K, Heap 2M
 Heap Min Capacity: 100M
 Heap Initial Capacity: 100M
 Heap Max Capacity: 1G
 Pre-touch: Disabled
 Parallel Workers: 10

Heap:
 PSYoungGen      total 29696K, used 9504K [0x00000000eab00000, 0x00000000ecc00000, 0x0000000100000000)
  eden space 25600K, 24% used [0x00000000eab00000,0x00000000eb1377a8,0x00000000ec400000)
  from space 4096K, 76% used [0x00000000ec400000,0x00000000ec710c28,0x00000000ec800000)
  to   space 4096K, 0% used [0x00000000ec800000,0x00000000ec800000,0x00000000ecc00000)
 ParOldGen       total 68608K, used 16K [0x00000000c0000000, 0x00000000c4300000, 0x00000000eab00000)
  object space 68608K, 0% used [0x00000000c0000000,0x00000000c0004000,0x00000000c4300000)
 Metaspace       used 12112K, committed 12224K, reserved 1114112K
  class space    used 1188K, committed 1216K, reserved 1048576K

Card table byte_map: [0x0000027519140000,0x0000027519350000] _byte_map_base: 0x0000027518b40000

Marking Bits: (ParMarkBitMap*) 0x00007ffff74083a0
 Begin Bits: [0x00000275194b0000, 0x000002751a4b0000)
 End Bits:   [0x000002751a4b0000, 0x000002751b4b0000)

Polling page: 0x0000027505bc0000

Metaspace:

Usage:
  Non-class:     10.67 MB used.
      Class:      1.16 MB used.
       Both:     11.83 MB used.

Virtual space:
  Non-class space:       64.00 MB reserved,      10.75 MB ( 17%) committed,  1 nodes.
      Class space:        1.00 GB reserved,       1.19 MB ( <1%) committed,  1 nodes.
             Both:        1.06 GB reserved,      11.94 MB (  1%) committed. 

Chunk freelists:
   Non-Class:  4.48 MB
       Class:  14.62 MB
        Both:  19.11 MB

MaxMetaspaceSize: unlimited
CompressedClassSpaceSize: 1.00 GB
Initial GC threshold: 21.00 MB
Current GC threshold: 21.00 MB
CDS: off
MetaspaceReclaimPolicy: balanced
 - commit_granule_bytes: 65536.
 - commit_granule_words: 8192.
 - virtual_space_node_default_size: 8388608.
 - enlarge_chunks_in_place: 1.
 - new_chunks_are_fully_committed: 0.
 - uncommit_free_chunks: 1.
 - use_allocation_guard: 0.
 - handle_deallocations: 1.


Internal statistics:

num_allocs_failed_limit: 0.
num_arena_births: 30.
num_arena_deaths: 0.
num_vsnodes_births: 2.
num_vsnodes_deaths: 0.
num_space_committed: 191.
num_space_uncommitted: 0.
num_chunks_returned_to_freelist: 0.
num_chunks_taken_from_freelist: 132.
num_chunk_merges: 0.
num_chunk_splits: 92.
num_chunks_enlarged: 80.
num_inconsistent_stats: 0.

CodeHeap 'non-profiled nmethods': size=120000Kb used=368Kb max_used=368Kb free=119631Kb
 bounds [0x0000027511a20000, 0x0000027511c90000, 0x0000027518f50000]
CodeHeap 'profiled nmethods': size=120000Kb used=1904Kb max_used=1904Kb free=118095Kb
 bounds [0x0000027509f50000, 0x000002750a1c0000, 0x0000027511480000]
CodeHeap 'non-nmethods': size=5760Kb used=1148Kb max_used=1165Kb free=4611Kb
 bounds [0x0000027511480000, 0x00000275116f0000, 0x0000027511a20000]
 total_blobs=1535 nmethods=1094 adapters=356
 compilation: enabled
              stopped_count=0, restarted_count=0
 full_count=0

Compilation events (20 events):
Event: 0.837 Thread 0x0000027520a42920 1060       3       java.util.Collections$UnmodifiableRandomAccessList::<init> (6 bytes)
Event: 0.837 Thread 0x0000027520a42920 nmethod 1060 0x000002750a119890 code [0x000002750a119a60, 0x000002750a119dc8]
Event: 0.839 Thread 0x0000027520a42920 1070   !   3       java.security.Provider::getService (173 bytes)
Event: 0.840 Thread 0x0000027520a42920 nmethod 1070 0x000002750a119f10 code [0x000002750a11a180, 0x000002750a11ae88]
Event: 0.840 Thread 0x0000027520a42920 1071       3       java.security.Provider$ServiceKey::matches (22 bytes)
Event: 0.840 Thread 0x0000027520a42920 nmethod 1071 0x000002750a11b310 code [0x000002750a11b4a0, 0x000002750a11b658]
Event: 0.840 Thread 0x0000027520a42920 1072   !   3       java.lang.ClassLoader::loadClass (121 bytes)
Event: 0.841 Thread 0x0000027520a42920 nmethod 1072 0x000002750a11b710 code [0x000002750a11b9c0, 0x000002750a11c668]
Event: 0.841 Thread 0x0000027520a42920 1073       3       sun.net.www.protocol.jar.Handler::parseURL (173 bytes)
Event: 0.841 Thread 0x0000027520a42920 nmethod 1073 0x000002750a11cd10 code [0x000002750a11cfc0, 0x000002750a11db58]
Event: 0.841 Thread 0x0000027520a42920 1075       3       org.eclipse.osgi.container.ModuleRevisionBuilder::unmodifiableMap (86 bytes)
Event: 0.842 Thread 0x0000027520a42920 nmethod 1075 0x000002750a11e090 code [0x000002750a11e320, 0x000002750a11f088]
Event: 0.842 Thread 0x0000027520a42920 1076       1       org.eclipse.osgi.container.ModuleRevisionBuilder$GenericInfo::getNamespace (5 bytes)
Event: 0.842 Thread 0x0000027520a42920 nmethod 1076 0x0000027511a7a710 code [0x0000027511a7a8a0, 0x0000027511a7a978]
Event: 0.842 Thread 0x0000027520a42920 1077       1       java.util.Collections$EmptyMap::size (2 bytes)
Event: 0.842 Thread 0x0000027520a42920 nmethod 1077 0x0000027511a7aa10 code [0x0000027511a7aba0, 0x0000027511a7ac78]
Event: 0.842 Thread 0x0000027520a42920 1074       3       sun.net.www.protocol.jar.Handler::indexOfBangSlash (52 bytes)
Event: 0.842 Thread 0x0000027520a42920 nmethod 1074 0x000002750a11f410 code [0x000002750a11f680, 0x000002750a120178]
Event: 0.844 Thread 0x0000027520a42920 1080       3       java.net.URL::toString (5 bytes)
Event: 0.844 Thread 0x0000027520a42920 nmethod 1080 0x000002750a120590 code [0x000002750a120740, 0x000002750a120968]

GC Heap History (2 events):
Event: 0.710 GC heap before
{Heap before GC invocations=1 (full 0):
 PSYoungGen      total 29696K, used 25600K [0x00000000eab00000, 0x00000000ecc00000, 0x0000000100000000)
  eden space 25600K, 100% used [0x00000000eab00000,0x00000000ec400000,0x00000000ec400000)
  from space 4096K, 0% used [0x00000000ec800000,0x00000000ec800000,0x00000000ecc00000)
  to   space 4096K, 0% used [0x00000000ec400000,0x00000000ec400000,0x00000000ec800000)
 ParOldGen       total 68608K, used 0K [0x00000000c0000000, 0x00000000c4300000, 0x00000000eab00000)
  object space 68608K, 0% used [0x00000000c0000000,0x00000000c0000000,0x00000000c4300000)
 Metaspace       used 10987K, committed 11200K, reserved 1114112K
  class space    used 1097K, committed 1216K, reserved 1048576K
}
Event: 0.719 GC heap after
{Heap after GC invocations=1 (full 0):
 PSYoungGen      total 29696K, used 3139K [0x00000000eab00000, 0x00000000ecc00000, 0x0000000100000000)
  eden space 25600K, 0% used [0x00000000eab00000,0x00000000eab00000,0x00000000ec400000)
  from space 4096K, 76% used [0x00000000ec400000,0x00000000ec710c28,0x00000000ec800000)
  to   space 4096K, 0% used [0x00000000ec800000,0x00000000ec800000,0x00000000ecc00000)
 ParOldGen       total 68608K, used 16K [0x00000000c0000000, 0x00000000c4300000, 0x00000000eab00000)
  object space 68608K, 0% used [0x00000000c0000000,0x00000000c0004000,0x00000000c4300000)
 Metaspace       used 10987K, committed 11200K, reserved 1114112K
  class space    used 1097K, committed 1216K, reserved 1048576K
}

Dll operation events (8 events):
Event: 0.010 Loaded shared library c:\Users\Acer nitro\.vscode\extensions\redhat.java-1.23.0-win32-x64\jre\17.0.8.1-win32-x86_64\bin\java.dll
Event: 0.131 Loaded shared library c:\Users\Acer nitro\.vscode\extensions\redhat.java-1.23.0-win32-x64\jre\17.0.8.1-win32-x86_64\bin\zip.dll
Event: 0.133 Loaded shared library C:\Users\Acer nitro\.vscode\extensions\redhat.java-1.23.0-win32-x64\jre\17.0.8.1-win32-x86_64\bin\instrument.dll
Event: 0.147 Loaded shared library C:\Users\Acer nitro\.vscode\extensions\redhat.java-1.23.0-win32-x64\jre\17.0.8.1-win32-x86_64\bin\net.dll
Event: 0.164 Loaded shared library C:\Users\Acer nitro\.vscode\extensions\redhat.java-1.23.0-win32-x64\jre\17.0.8.1-win32-x86_64\bin\nio.dll
Event: 0.171 Loaded shared library C:\Users\Acer nitro\.vscode\extensions\redhat.java-1.23.0-win32-x64\jre\17.0.8.1-win32-x86_64\bin\zip.dll
Event: 0.185 Loaded shared library C:\Users\Acer nitro\.vscode\extensions\redhat.java-1.23.0-win32-x64\jre\17.0.8.1-win32-x86_64\bin\jimage.dll
Event: 0.235 Loaded shared library c:\Users\Acer nitro\.vscode\extensions\redhat.java-1.23.0-win32-x64\jre\17.0.8.1-win32-x86_64\bin\verify.dll

Deoptimization events (20 events):
Event: 0.655 Thread 0x0000027505b0d5e0 DEOPT PACKING pc=0x0000027511a5f400 sp=0x00000089136fdf30
Event: 0.655 Thread 0x0000027505b0d5e0 DEOPT UNPACKING pc=0x00000275114d66a3 sp=0x00000089136fde78 mode 2
Event: 0.655 Thread 0x0000027505b0d5e0 Uncommon trap: trap_request=0xffffffde fr.pc=0x0000027511a5f400 relative=0x0000000000000520
Event: 0.655 Thread 0x0000027505b0d5e0 Uncommon trap: reason=class_check action=maybe_recompile pc=0x0000027511a5f400 method=java.util.Collections$UnmodifiableCollection$1.<init>(Ljava/util/Collections$UnmodifiableCollection;)V @ 17 c2
Event: 0.655 Thread 0x0000027505b0d5e0 DEOPT PACKING pc=0x0000027511a5f400 sp=0x00000089136fdf30
Event: 0.655 Thread 0x0000027505b0d5e0 DEOPT UNPACKING pc=0x00000275114d66a3 sp=0x00000089136fde78 mode 2
Event: 0.844 Thread 0x0000027505b0d5e0 Uncommon trap: trap_request=0xffffff45 fr.pc=0x0000027511a52dac relative=0x0000000000000b8c
Event: 0.844 Thread 0x0000027505b0d5e0 Uncommon trap: reason=unstable_if action=reinterpret pc=0x0000027511a52dac method=lombok.patcher.PatchScript.classMatches(Ljava/lang/String;Ljava/util/Collection;)Z @ 25 c2
Event: 0.844 Thread 0x0000027505b0d5e0 DEOPT PACKING pc=0x0000027511a52dac sp=0x00000089136f8090
Event: 0.844 Thread 0x0000027505b0d5e0 DEOPT UNPACKING pc=0x00000275114d66a3 sp=0x00000089136f8050 mode 2
Event: 0.844 Thread 0x0000027505b0d5e0 Uncommon trap: trap_request=0xffffff45 fr.pc=0x0000027511a5cb14 relative=0x0000000000000074
Event: 0.844 Thread 0x0000027505b0d5e0 Uncommon trap: reason=unstable_if action=reinterpret pc=0x0000027511a5cb14 method=lombok.patcher.scripts.MethodLevelPatchScript.patch(Ljava/lang/String;[BLlombok/patcher/TransplantMapper;)[B @ 8 c2
Event: 0.844 Thread 0x0000027505b0d5e0 DEOPT PACKING pc=0x0000027511a5cb14 sp=0x00000089136f8100
Event: 0.844 Thread 0x0000027505b0d5e0 DEOPT UNPACKING pc=0x00000275114d66a3 sp=0x00000089136f8090 mode 2
Event: 0.844 Thread 0x0000027505b0d5e0 Uncommon trap: trap_request=0xffffff45 fr.pc=0x0000027511a766e8 relative=0x0000000000000448
Event: 0.844 Thread 0x0000027505b0d5e0 Uncommon trap: reason=unstable_if action=reinterpret pc=0x0000027511a766e8 method=java.lang.String.<init>([BIILjava/nio/charset/Charset;)V @ 47 c2
Event: 0.844 Thread 0x0000027505b0d5e0 DEOPT PACKING pc=0x0000027511a766e8 sp=0x00000089136f7470
Event: 0.844 Thread 0x0000027505b0d5e0 DEOPT UNPACKING pc=0x00000275114d66a3 sp=0x00000089136f7428 mode 2
Event: 0.845 Thread 0x0000027505b0d5e0 DEOPT PACKING pc=0x0000027509fc1745 sp=0x00000089136f7540
Event: 0.845 Thread 0x0000027505b0d5e0 DEOPT UNPACKING pc=0x00000275114d6e43 sp=0x00000089136f69f0 mode 0

Classes unloaded (0 events):
No events

Classes redefined (0 events):
No events

Internal exceptions (19 events):
Event: 0.110 Thread 0x0000027505b0d5e0 Exception <a 'java/lang/NoSuchMethodError'{0x00000000eacb26f8}: 'void java.lang.invoke.DirectMethodHandle$Holder.invokeStatic(java.lang.Object, java.lang.Object, java.lang.Object)'> (0x00000000eacb26f8) 
thrown [s\src\hotspot\share\interpreter\linkResolver.cpp, line 759]
Event: 0.254 Thread 0x0000027505b0d5e0 Exception <a 'java/lang/reflect/InvocationTargetException'{0x00000000eafd2d88}> (0x00000000eafd2d88) 
thrown [s\src\hotspot\share\runtime\reflection.cpp, line 1121]
Event: 0.427 Thread 0x0000027505b0d5e0 Exception <a 'java/lang/ClassNotFoundException'{0x00000000eb871620}: sun/net/www/protocol/c/Handler> (0x00000000eb871620) 
thrown [s\src\hotspot\share\classfile\systemDictionary.cpp, line 256]
Event: 0.431 Thread 0x0000027505b0d5e0 Exception <a 'java/io/FileNotFoundException'{0x00000000eb88cf50}> (0x00000000eb88cf50) 
thrown [s\src\hotspot\share\prims\jni.cpp, line 516]
Event: 0.431 Thread 0x0000027505b0d5e0 Exception <a 'java/io/FileNotFoundException'{0x00000000eb88dc78}> (0x00000000eb88dc78) 
thrown [s\src\hotspot\share\prims\jni.cpp, line 516]
Event: 0.432 Thread 0x0000027505b0d5e0 Exception <a 'java/io/FileNotFoundException'{0x00000000eb88e980}> (0x00000000eb88e980) 
thrown [s\src\hotspot\share\prims\jni.cpp, line 516]
Event: 0.432 Thread 0x0000027505b0d5e0 Exception <a 'java/io/FileNotFoundException'{0x00000000eb88f680}> (0x00000000eb88f680) 
thrown [s\src\hotspot\share\prims\jni.cpp, line 516]
Event: 0.439 Thread 0x0000027505b0d5e0 Exception <a 'java/io/FileNotFoundException'{0x00000000eb8ca3e8}> (0x00000000eb8ca3e8) 
thrown [s\src\hotspot\share\prims\jni.cpp, line 516]
Event: 0.608 Thread 0x0000027505b0d5e0 Exception <a 'java/lang/ClassNotFoundException'{0x00000000ec0cc3a0}: sun/net/www/protocol/c/Handler> (0x00000000ec0cc3a0) 
thrown [s\src\hotspot\share\classfile\systemDictionary.cpp, line 256]
Event: 0.608 Thread 0x0000027505b0d5e0 Exception <a 'java/lang/ClassNotFoundException'{0x00000000ec0cd6d0}: sun/net/www/protocol/d/Handler> (0x00000000ec0cd6d0) 
thrown [s\src\hotspot\share\classfile\systemDictionary.cpp, line 256]
Event: 0.608 Thread 0x0000027505b0d5e0 Exception <a 'java/lang/ClassNotFoundException'{0x00000000ec0ce808}: sun/net/www/protocol/c/Handler> (0x00000000ec0ce808) 
thrown [s\src\hotspot\share\classfile\systemDictionary.cpp, line 256]
Event: 0.618 Thread 0x0000027505b0d5e0 Exception <a 'java/io/FileNotFoundException'{0x00000000ec0f57b0}> (0x00000000ec0f57b0) 
thrown [s\src\hotspot\share\prims\jni.cpp, line 516]
Event: 0.703 Thread 0x0000027505b0d5e0 Exception <a 'java/lang/NoSuchMethodError'{0x00000000ec3c5f08}: 'int java.lang.invoke.DirectMethodHandle$Holder.invokeStaticInit(java.lang.Object, java.lang.Object, java.lang.Object, java.lang.Object)'> (0x00000000ec3c5f08) 
thrown [s\src\hotspot\share\interpreter\linkResolver.cpp, line 759]
Event: 0.704 Thread 0x0000027505b0d5e0 Exception <a 'java/lang/NoSuchMethodError'{0x00000000ec3d0578}: 'java.lang.Object java.lang.invoke.DirectMethodHandle$Holder.invokeInterface(java.lang.Object, java.lang.Object)'> (0x00000000ec3d0578) 
thrown [s\src\hotspot\share\interpreter\linkResolver.cpp, line 759]
Event: 0.704 Thread 0x0000027505b0d5e0 Exception <a 'java/lang/IncompatibleClassChangeError'{0x00000000ec3d3d70}: Found class java.lang.Object, but interface was expected> (0x00000000ec3d3d70) 
thrown [s\src\hotspot\share\interpreter\linkResolver.cpp, line 826]
Event: 0.705 Thread 0x0000027505b0d5e0 Exception <a 'java/lang/NoSuchMethodError'{0x00000000ec3d8268}: 'void java.lang.invoke.DirectMethodHandle$Holder.invokeStatic(java.lang.Object, java.lang.Object)'> (0x00000000ec3d8268) 
thrown [s\src\hotspot\share\interpreter\linkResolver.cpp, line 759]
Event: 0.705 Thread 0x0000027505b0d5e0 Exception <a 'java/lang/NoSuchMethodError'{0x00000000ec3dba68}: 'void java.lang.invoke.DirectMethodHandle$Holder.invokeStaticInit(java.lang.Object, java.lang.Object)'> (0x00000000ec3dba68) 
thrown [s\src\hotspot\share\interpreter\linkResolver.cpp, line 759]
Event: 0.707 Thread 0x0000027505b0d5e0 Exception <a 'java/lang/NoSuchMethodError'{0x00000000ec3e2e80}: 'int java.lang.invoke.DirectMethodHandle$Holder.invokeStaticInit(java.lang.Object, java.lang.Object)'> (0x00000000ec3e2e80) 
thrown [s\src\hotspot\share\interpreter\linkResolver.cpp, line 759]
Event: 0.791 Thread 0x0000027505b0d5e0 Exception <a 'java/lang/NoSuchMethodError'{0x00000000eac61ab8}: 'void java.lang.invoke.DirectMethodHandle$Holder.invokeSpecial(java.lang.Object, java.lang.Object, java.lang.Object)'> (0x00000000eac61ab8) 
thrown [s\src\hotspot\share\interpreter\linkResolver.cpp, line 759]

VM Operations (12 events):
Event: 0.114 Executing VM operation: HandshakeAllThreads
Event: 0.114 Executing VM operation: HandshakeAllThreads done
Event: 0.197 Executing VM operation: HandshakeAllThreads
Event: 0.197 Executing VM operation: HandshakeAllThreads done
Event: 0.408 Executing VM operation: HandshakeAllThreads
Event: 0.408 Executing VM operation: HandshakeAllThreads done
Event: 0.421 Executing VM operation: HandshakeAllThreads
Event: 0.421 Executing VM operation: HandshakeAllThreads done
Event: 0.692 Executing VM operation: ICBufferFull
Event: 0.692 Executing VM operation: ICBufferFull done
Event: 0.710 Executing VM operation: ParallelGCFailedAllocation
Event: 0.719 Executing VM operation: ParallelGCFailedAllocation done

Events (20 events):
Event: 0.811 loading class java/util/AbstractQueue done
Event: 0.811 loading class java/util/concurrent/SynchronousQueue done
Event: 0.812 loading class java/util/concurrent/SynchronousQueue$TransferStack
Event: 0.812 loading class java/util/concurrent/SynchronousQueue$Transferer
Event: 0.812 loading class java/util/concurrent/SynchronousQueue$Transferer done
Event: 0.812 loading class java/util/concurrent/SynchronousQueue$TransferStack done
Event: 0.812 loading class java/util/concurrent/SynchronousQueue$TransferStack$SNode
Event: 0.812 loading class java/util/concurrent/ForkJoinPool$ManagedBlocker
Event: 0.812 loading class java/util/concurrent/ForkJoinPool$ManagedBlocker done
Event: 0.812 loading class java/util/concurrent/SynchronousQueue$TransferStack$SNode done
Event: 0.813 loading class java/util/concurrent/RejectedExecutionHandler
Event: 0.813 loading class java/util/concurrent/RejectedExecutionHandler done
Event: 0.813 loading class java/util/concurrent/LinkedBlockingQueue
Event: 0.813 loading class java/util/concurrent/LinkedBlockingQueue done
Event: 0.813 loading class java/util/concurrent/LinkedBlockingQueue$Node
Event: 0.813 loading class java/util/concurrent/LinkedBlockingQueue$Node done
Event: 0.824 loading class java/util/concurrent/Semaphore$NonfairSync
Event: 0.824 loading class java/util/concurrent/Semaphore$Sync
Event: 0.824 loading class java/util/concurrent/Semaphore$Sync done
Event: 0.824 loading class java/util/concurrent/Semaphore$NonfairSync done


Dynamic libraries:
0x00007ff71b4b0000 - 0x00007ff71b4be000 	c:\Users\Acer nitro\.vscode\extensions\redhat.java-1.23.0-win32-x64\jre\17.0.8.1-win32-x86_64\bin\java.exe
0x00007ff87d290000 - 0x00007ff87d4a4000 	C:\WINDOWS\SYSTEM32\ntdll.dll
0x00007ff87b270000 - 0x00007ff87b334000 	C:\WINDOWS\System32\KERNEL32.DLL
0x00007ff87a6e0000 - 0x00007ff87aa84000 	C:\WINDOWS\System32\KERNELBASE.dll
0x00007ff87adc0000 - 0x00007ff87aed1000 	C:\WINDOWS\System32\ucrtbase.dll
0x00007ff800550000 - 0x00007ff800569000 	c:\Users\Acer nitro\.vscode\extensions\redhat.java-1.23.0-win32-x64\jre\17.0.8.1-win32-x86_64\bin\VCRUNTIME140.dll
0x00007ff81ef10000 - 0x00007ff81ef27000 	c:\Users\Acer nitro\.vscode\extensions\redhat.java-1.23.0-win32-x64\jre\17.0.8.1-win32-x86_64\bin\jli.dll
0x00007ff87d0a0000 - 0x00007ff87d24e000 	C:\WINDOWS\System32\USER32.dll
0x00007ff87ac00000 - 0x00007ff87ac26000 	C:\WINDOWS\System32\win32u.dll
0x00007ff87b240000 - 0x00007ff87b269000 	C:\WINDOWS\System32\GDI32.dll
0x00007ff87ac30000 - 0x00007ff87ad48000 	C:\WINDOWS\System32\gdi32full.dll
0x00007ff87a640000 - 0x00007ff87a6da000 	C:\WINDOWS\System32\msvcp_win.dll
0x00007ff8683a0000 - 0x00007ff868633000 	C:\WINDOWS\WinSxS\amd64_microsoft.windows.common-controls_6595b64144ccf1df_6.0.22621.2215_none_270d72677387dfc3\COMCTL32.dll
0x00007ff87b500000 - 0x00007ff87b5a7000 	C:\WINDOWS\System32\msvcrt.dll
0x00007ff87b5b0000 - 0x00007ff87b5e1000 	C:\WINDOWS\System32\IMM32.DLL
0x00007ff847250000 - 0x00007ff84725c000 	c:\Users\Acer nitro\.vscode\extensions\redhat.java-1.23.0-win32-x64\jre\17.0.8.1-win32-x86_64\bin\vcruntime140_1.dll
0x00007ffff76f0000 - 0x00007ffff7781000 	c:\Users\Acer nitro\.vscode\extensions\redhat.java-1.23.0-win32-x64\jre\17.0.8.1-win32-x86_64\bin\msvcp140.dll
0x00007ffff6880000 - 0x00007ffff74cc000 	c:\Users\Acer nitro\.vscode\extensions\redhat.java-1.23.0-win32-x64\jre\17.0.8.1-win32-x86_64\bin\server\jvm.dll
0x00007ff87cfd0000 - 0x00007ff87d080000 	C:\WINDOWS\System32\ADVAPI32.dll
0x00007ff87cce0000 - 0x00007ff87cd86000 	C:\WINDOWS\System32\sechost.dll
0x00007ff87bf10000 - 0x00007ff87c027000 	C:\WINDOWS\System32\RPCRT4.dll
0x00007ff862d70000 - 0x00007ff862d79000 	C:\WINDOWS\SYSTEM32\WSOCK32.dll
0x00007ff872ea0000 - 0x00007ff872eaa000 	C:\WINDOWS\SYSTEM32\VERSION.dll
0x00007ff87b1c0000 - 0x00007ff87b231000 	C:\WINDOWS\System32\WS2_32.dll
0x00007ff872e60000 - 0x00007ff872e94000 	C:\WINDOWS\SYSTEM32\WINMM.dll
0x00007ff87a510000 - 0x00007ff87a55d000 	C:\WINDOWS\SYSTEM32\POWRPROF.dll
0x00007ff87a4f0000 - 0x00007ff87a503000 	C:\WINDOWS\SYSTEM32\UMPDC.dll
0x00007ff879600000 - 0x00007ff879618000 	C:\WINDOWS\SYSTEM32\kernel.appcore.dll
0x00007ff846d80000 - 0x00007ff846d8a000 	c:\Users\Acer nitro\.vscode\extensions\redhat.java-1.23.0-win32-x64\jre\17.0.8.1-win32-x86_64\bin\jimage.dll
0x00007ff8781e0000 - 0x00007ff87840e000 	C:\WINDOWS\SYSTEM32\DBGHELP.DLL
0x00007ff87b650000 - 0x00007ff87b9da000 	C:\WINDOWS\System32\combase.dll
0x00007ff87be30000 - 0x00007ff87bf07000 	C:\WINDOWS\System32\OLEAUT32.dll
0x00007ff863900000 - 0x00007ff863932000 	C:\WINDOWS\SYSTEM32\dbgcore.DLL
0x00007ff87afa0000 - 0x00007ff87b01a000 	C:\WINDOWS\System32\bcryptPrimitives.dll
0x00007ff840eb0000 - 0x00007ff840ebe000 	c:\Users\Acer nitro\.vscode\extensions\redhat.java-1.23.0-win32-x64\jre\17.0.8.1-win32-x86_64\bin\instrument.dll
0x00007ffff76c0000 - 0x00007ffff76e5000 	c:\Users\Acer nitro\.vscode\extensions\redhat.java-1.23.0-win32-x64\jre\17.0.8.1-win32-x86_64\bin\java.dll
0x00007ffff76a0000 - 0x00007ffff76b8000 	c:\Users\Acer nitro\.vscode\extensions\redhat.java-1.23.0-win32-x64\jre\17.0.8.1-win32-x86_64\bin\zip.dll
0x00007ff87c4b0000 - 0x00007ff87ccd3000 	C:\WINDOWS\System32\SHELL32.dll
0x00007ff878580000 - 0x00007ff878e6a000 	C:\WINDOWS\SYSTEM32\windows.storage.dll
0x00007ff878440000 - 0x00007ff87857e000 	C:\WINDOWS\SYSTEM32\wintypes.dll
0x00007ff87bd30000 - 0x00007ff87be23000 	C:\WINDOWS\System32\SHCORE.dll
0x00007ff87b5f0000 - 0x00007ff87b64e000 	C:\WINDOWS\System32\shlwapi.dll
0x00007ff87a570000 - 0x00007ff87a596000 	C:\WINDOWS\SYSTEM32\profapi.dll
0x00007ffff7680000 - 0x00007ffff7699000 	C:\Users\Acer nitro\.vscode\extensions\redhat.java-1.23.0-win32-x64\jre\17.0.8.1-win32-x86_64\bin\net.dll
0x00007ff872d20000 - 0x00007ff872e57000 	C:\WINDOWS\SYSTEM32\WINHTTP.dll
0x00007ff8528e0000 - 0x00007ff852bc0000 	C:\Windows\GearUPBooster\lsp64.dll
0x00007ff87aa90000 - 0x00007ff87abf6000 	C:\WINDOWS\System32\CRYPT32.dll
0x00007ff8790d0000 - 0x00007ff8790fd000 	C:\WINDOWS\SYSTEM32\IPHLPAPI.DLL
0x00007ff879ac0000 - 0x00007ff879b29000 	C:\WINDOWS\system32\mswsock.dll
0x00007ff87ad50000 - 0x00007ff87adbb000 	C:\WINDOWS\System32\WINTRUST.DLL
0x00007ff87a1f0000 - 0x00007ff87a202000 	C:\WINDOWS\SYSTEM32\MSASN1.dll
0x00007ff87b490000 - 0x00007ff87b4af000 	C:\WINDOWS\System32\imagehlp.dll
0x00007ff879d40000 - 0x00007ff879d5b000 	C:\WINDOWS\SYSTEM32\CRYPTSP.dll
0x00007ff8795c0000 - 0x00007ff8795f5000 	C:\WINDOWS\system32\rsaenh.dll
0x00007ff879cd0000 - 0x00007ff879cdc000 	C:\WINDOWS\SYSTEM32\CRYPTBASE.dll
0x00007ff879f00000 - 0x00007ff879f28000 	C:\WINDOWS\SYSTEM32\bcrypt.dll
0x00007ffff7660000 - 0x00007ffff7675000 	C:\Users\Acer nitro\.vscode\extensions\redhat.java-1.23.0-win32-x64\jre\17.0.8.1-win32-x86_64\bin\nio.dll
0x00007ff83d770000 - 0x00007ff83d780000 	c:\Users\Acer nitro\.vscode\extensions\redhat.java-1.23.0-win32-x64\jre\17.0.8.1-win32-x86_64\bin\verify.dll

dbghelp: loaded successfully - version: 4.0.5 - missing functions: none
symbol engine: initialized successfully - sym options: 0x614 - pdb path: .;c:\Users\Acer nitro\.vscode\extensions\redhat.java-1.23.0-win32-x64\jre\17.0.8.1-win32-x86_64\bin;C:\WINDOWS\SYSTEM32;C:\WINDOWS\WinSxS\amd64_microsoft.windows.common-controls_6595b64144ccf1df_6.0.22621.2215_none_270d72677387dfc3;c:\Users\Acer nitro\.vscode\extensions\redhat.java-1.23.0-win32-x64\jre\17.0.8.1-win32-x86_64\bin\server;C:\Windows\GearUPBooster

VM Arguments:
jvm_args: --add-modules=ALL-SYSTEM --add-opens=java.base/java.util=ALL-UNNAMED --add-opens=java.base/java.lang=ALL-UNNAMED --add-opens=java.base/sun.nio.fs=ALL-UNNAMED -Declipse.application=org.eclipse.jdt.ls.core.id1 -Dosgi.bundles.defaultStartLevel=4 -Declipse.product=org.eclipse.jdt.ls.core.product -Djava.import.generatesMetadataFilesAtProjectRoot=false -DDetectVMInstallationsJob.disabled=true -Dfile.encoding=utf8 -XX:+UseParallelGC -XX:GCTimeRatio=4 -XX:AdaptiveSizePolicyWeight=90 -Dsun.zip.disableMemoryMapping=true -Xmx1G -Xms100m -Xlog:disable -javaagent:c:\Users\Acer nitro\.vscode\extensions\redhat.java-1.23.0-win32-x64\lombok\lombok-1.18.30.jar -XX:+HeapDumpOnOutOfMemoryError -XX:HeapDumpPath=c:\Users\Acer nitro\AppData\Roaming\Code\User\workspaceStorage\bcb481e32837b7cec0d356850baa61e6\redhat.java -Daether.dependencyCollector.impl=bf 
java_command: c:\Users\Acer nitro\.vscode\extensions\redhat.java-1.23.0-win32-x64\server\plugins\org.eclipse.equinox.launcher_1.6.500.v20230717-2134.jar -configuration c:\Users\Acer nitro\AppData\Roaming\Code\User\globalStorage\redhat.java\1.23.0\config_win -data c:\Users\Acer nitro\AppData\Roaming\Code\User\workspaceStorage\bcb481e32837b7cec0d356850baa61e6\redhat.java\jdt_ws
java_class_path (initial): c:\Users\Acer nitro\.vscode\extensions\redhat.java-1.23.0-win32-x64\server\plugins\org.eclipse.equinox.launcher_1.6.500.v20230717-2134.jar
Launcher Type: SUN_STANDARD

[Global flags]
    uintx AdaptiveSizePolicyWeight                 = 90                                        {product} {command line}
     intx CICompilerCount                          = 4                                         {product} {ergonomic}
    uintx GCTimeRatio                              = 4                                         {product} {command line}
     bool HeapDumpOnOutOfMemoryError               = true                                   {manageable} {command line}
    ccstr HeapDumpPath                             = c:\Users\Acer nitro\AppData\Roaming\Code\User\workspaceStorage\bcb481e32837b7cec0d356850baa61e6\redhat.java         {manageable} {command line}
   size_t InitialHeapSize                          = 104857600                                 {product} {command line}
   size_t MaxHeapSize                              = 1073741824                                {product} {command line}
   size_t MaxNewSize                               = 357564416                                 {product} {ergonomic}
   size_t MinHeapDeltaBytes                        = 524288                                    {product} {ergonomic}
   size_t MinHeapSize                              = 104857600                                 {product} {command line}
   size_t NewSize                                  = 34603008                                  {product} {ergonomic}
    uintx NonNMethodCodeHeapSize                   = 5839372                                {pd product} {ergonomic}
    uintx NonProfiledCodeHeapSize                  = 122909434                              {pd product} {ergonomic}
   size_t OldSize                                  = 70254592                                  {product} {ergonomic}
    uintx ProfiledCodeHeapSize                     = 122909434                              {pd product} {ergonomic}
    uintx ReservedCodeCacheSize                    = 251658240                              {pd product} {ergonomic}
     bool SegmentedCodeCache                       = true                                      {product} {ergonomic}
   size_t SoftMaxHeapSize                          = 1073741824                             {manageable} {ergonomic}
     bool UseCompressedClassPointers               = true                           {product lp64_product} {ergonomic}
     bool UseCompressedOops                        = true                           {product lp64_product} {ergonomic}
     bool UseLargePagesIndividualAllocation        = false                                  {pd product} {ergonomic}
     bool UseParallelGC                            = true                                      {product} {command line}

Logging:
Log output configuration:
 #0: stdout all=off uptime,level,tags
 #1: stderr all=off uptime,level,tags

Environment Variables:
JAVA_HOME=C:\Program Files\Java\jdk-18.0.2.1
PATH=C:\Program Files\Common Files\Oracle\Java\javapath;C:\Program Files\Microsoft\jdk-11.0.18.10-hotspot\bin;C:\Program Files (x86)\Common Files\Oracle\Java\javapath;C:\Program Files\Microsoft\jdk-17.0.1.12-hotspot\bin;C:\Windows\system32;C:\Windows;C:\Windows\System32\Wbem;C:\Windows\System32\OpenSSH;C:\Windows\System32\WindowsPowerShell\v1.0;C:\Program Files (x86)\NVIDIA Corporation\PhysX\Common;C:\Program Files\NVIDIA Corporation\NVIDIA NvDLISR;C:\WINDOWS\system32;C:\WINDOWS;C:\WINDOWS\System32\Wbem;C:\WINDOWS\System32\WindowsPowerShell\v1.0\;C:\WINDOWS\System32\OpenSSH\;C:\ProgramData\chocolatey\bin;C:\Program Files\nodejs\;C:\Program Files\Git\cmd;C:\Program Files\PowerShell\7\;C:\Program Files\MySQL\MySQL Shell 8.0\bin\;C:\flutter\bin;C:\Users\Acer nitro\AppData\Local\Android\Sdk\platform-tools;C:\Users\Acer nitro\AppData\Local\Programs\Python\Python310\Scripts\;C:\Users\Acer nitro\AppData\Local\Programs\Python\Python310\;C:\Users\Acer nitro\AppData\Local\Microsoft\WindowsApps;C:\Users\Acer nitro\AppData\Local\Programs\Microsoft VS Code\bin;C:\Users\Acer nitro\AppData\Roaming\npm;C:\Program Files\Git\bin\git.exe;C:\Program Files\Git\cmd;C:\Program Files\Git\bin;C:\Windows\System32;C:\Program Files\MongoDB\Server\6.0\bin;C:\Windows\System32\WindowsPowerShell\v1.0;C:\xampp\php
USERNAME=Acer nitro
OS=Windows_NT
PROCESSOR_IDENTIFIER=AMD64 Family 25 Model 80 Stepping 0, AuthenticAMD
TMP=C:\Users\ACERNI~1\AppData\Local\Temp
TEMP=C:\Users\ACERNI~1\AppData\Local\Temp



---------------  S Y S T E M  ---------------

OS:
 Windows 11 , 64 bit Build 22621 (10.0.22621.2215)
OS uptime: 0 days 0:28 hours
Hyper-V role detected

CPU: total 12 (initial active 12) (12 cores per cpu, 2 threads per core) family 25 model 80 stepping 0 microcode 0x0, cx8, cmov, fxsr, ht, mmx, 3dnowpref, sse, sse2, sse3, ssse3, sse4a, sse4.1, sse4.2, popcnt, lzcnt, tsc, tscinvbit, avx, avx2, aes, erms, clmul, bmi1, bmi2, adx, sha, fma, vzeroupper, clflush, clflushopt, hv
Processor Information for all 12 processors :
  Max Mhz: 3301, Current Mhz: 3301, Mhz Limit: 3301

Memory: 4k page, system-wide physical 7532M (291M free)
TotalPageFile size 20331M (AvailPageFile size 0M)
current process WorkingSet (physical memory assigned to process): 81M, peak: 81M
current process commit charge ("private bytes"): 207M, peak: 207M

vm_info: OpenJDK 64-Bit Server VM (17.0.8.1+1) for windows-amd64 JRE (17.0.8.1+1), built on Aug 23 2023 15:29:17 by "admin" with MS VC++ 16.7 (VS2019)

END.
