#
# There is insufficient memory for the Java Runtime Environment to continue.
# Native memory allocation (malloc) failed to allocate 1113296 bytes for Chunk::new
# Possible reasons:
#   The system is out of physical RAM or swap space
#   The process is running with CompressedOops enabled, and the Java Heap may be blocking the growth of the native heap
# Possible solutions:
#   Reduce memory load on the system
#   Increase physical memory or swap space
#   Check if swap backing store is full
#   Decrease Java heap size (-Xmx/-Xms)
#   Decrease number of Java threads
#   Decrease Java thread stack sizes (-Xss)
#   Set larger code cache with -XX:ReservedCodeCacheSize=
#   JVM is running with Unscaled Compressed Oops mode in which the Java heap is
#     placed in the first 4GB address space. The Java Heap base address is the
#     maximum limit for the native heap growth. Please use -XX:HeapBaseMinAddress
#     to set the Java Heap base and to place the Java Heap above 4GB virtual address.
# This output file may be truncated or incomplete.
#
#  Out of Memory Error (arena.cpp:184), pid=13764, tid=21628
#
# JRE version: Java(TM) SE Runtime Environment (18.0.2.1+1) (build 18.0.2.1+1-1)
# Java VM: Java HotSpot(TM) 64-Bit Server VM (18.0.2.1+1-1, mixed mode, sharing, tiered, compressed oops, compressed class ptrs, g1 gc, windows-amd64)
# No core dump will be written. Minidumps are not enabled by default on client versions of Windows
#

---------------  S U M M A R Y ------------

Command Line: -XX:MaxMetaspaceSize=512m --add-opens=java.base/java.util=ALL-UNNAMED --add-opens=java.base/java.lang=ALL-UNNAMED --add-opens=java.base/java.lang.invoke=ALL-UNNAMED --add-opens=java.base/java.util=ALL-UNNAMED --add-opens=java.prefs/java.util.prefs=ALL-UNNAMED --add-opens=java.prefs/java.util.prefs=ALL-UNNAMED --add-opens=java.base/java.nio.charset=ALL-UNNAMED --add-opens=java.base/java.net=ALL-UNNAMED --add-opens=java.base/java.util.concurrent.atomic=ALL-UNNAMED -Xmx2048m -Dfile.encoding=UTF-8 -Duser.country=US -Duser.language=en -Duser.variant org.gradle.launcher.daemon.bootstrap.GradleDaemon 7.4.2

Host: AMD Ryzen 5 5600H with Radeon Graphics         , 12 cores, 7G,  Windows 11 , 64 bit Build 22621 (10.0.22621.2428)
Time: Sat Oct 21 22:57:02 2023 SE Asia Standard Time elapsed time: 13.422073 seconds (0d 0h 0m 13s)

---------------  T H R E A D  ---------------

Current thread (0x0000019153e3baa0):  JavaThread "C2 CompilerThread1" daemon [_thread_in_native, id=21628, stack(0x0000007261100000,0x0000007261200000)]


Current CompileTask:
C2:  13422 9473       4       java.beans.Introspector::addMethod (196 bytes)

Stack: [0x0000007261100000,0x0000007261200000]
Native frames: (J=compiled Java code, j=interpreted, Vv=VM code, C=native code)
V  [jvm.dll+0x6993aa]
V  [jvm.dll+0x7f46dd]
V  [jvm.dll+0x7f5fee]
V  [jvm.dll+0x7f66a3]
V  [jvm.dll+0x25cf1f]
V  [jvm.dll+0xb8c2f]
V  [jvm.dll+0xb8fa5]
V  [jvm.dll+0x2c7e2f]
V  [jvm.dll+0x5a0d8e]
V  [jvm.dll+0x2388de]
V  [jvm.dll+0x231ea5]
V  [jvm.dll+0x22f3cb]
V  [jvm.dll+0x1ba01c]
V  [jvm.dll+0x23ee0a]
V  [jvm.dll+0x23d0f5]
V  [jvm.dll+0x7a6dd1]
V  [jvm.dll+0x7a120a]
V  [jvm.dll+0x698255]
C  [ucrtbase.dll+0x29363]
C  [KERNEL32.DLL+0x1257d]
C  [ntdll.dll+0x5aa78]


---------------  P R O C E S S  ---------------

Threads class SMR info:
_java_thread_list=0x000001915928fbc0, length=174, elements={
0x000001912f23e470, 0x000001914f1d1180, 0x000001914f1d1cf0, 0x000001914f1e8e00,
0x000001914f1ea820, 0x000001914f1eb0d0, 0x000001914f1eb980, 0x000001914f1efa60,
0x000001914f1fc780, 0x000001914f1fd070, 0x0000019153cd9a80, 0x0000019153cda570,
0x0000019155659a70, 0x0000019155996570, 0x0000019155bddd20, 0x00000191559ce3f0,
0x00000191559cec80, 0x0000019155a931b0, 0x0000019155a93670, 0x0000019155bcabe0,
0x000001912f3bf060, 0x000001912f3bbb70, 0x000001912f3bc9e0, 0x000001912f3bd380,
0x0000019155cd56f0, 0x0000019155cd2200, 0x0000019155cd3070, 0x0000019155cd26d0,
0x0000019155cd3ee0, 0x0000019155cd09f0, 0x0000019155cd6090, 0x0000019155cd6560,
0x0000019155cd1d30, 0x0000019155cd5220, 0x0000019155cd0050, 0x0000019155cd73d0,
0x0000019155cd78a0, 0x0000019153e3baa0, 0x0000019155cd1390, 0x0000019155cd1860,
0x00000191551140e0, 0x0000019155114a80, 0x0000019155114f50, 0x0000019155116760,
0x0000019155116c30, 0x00000191551175d0, 0x0000019155113c10, 0x00000191551145b0,
0x00000191578aa000, 0x00000191578a9b30, 0x00000191578aa4d0, 0x00000191578a74b0,
0x00000191578acb50, 0x00000191578aa9a0, 0x00000191578a87f0, 0x00000191578a57d0,
0x00000191578a6b10, 0x00000191578a7980, 0x00000191578aae70, 0x00000191578ab340,
0x00000191578a5ca0, 0x00000191578a9190, 0x00000191578a7e50, 0x00000191578ab810,
0x00000191578ad020, 0x00000191578a9660, 0x00000191578a6170, 0x00000191578a6640,
0x00000191578abce0, 0x00000191578ac1b0, 0x00000191578a8320, 0x00000191578ac680,
0x00000191578a6fe0, 0x00000191578a8cc0, 0x0000019159983ef0, 0x0000019159980ed0,
0x0000019159981870, 0x0000019159983080, 0x0000019159983550, 0x00000191599813a0,
0x0000019159981d40, 0x0000019159982210, 0x0000019159983a20, 0x00000191599826e0,
0x0000019156d00670, 0x0000019156d001a0, 0x0000019156d03690, 0x0000019156d01e80,
0x0000019156d04030, 0x0000019156d04ea0, 0x0000019156cff330, 0x0000019156d02350,
0x0000019156d02820, 0x0000019156d05370, 0x000001915994d670, 0x000001915994f820,
0x00000191599484a0, 0x0000019159948970, 0x000001915994a180, 0x00000191599497e0,
0x000001915994aff0, 0x000001915994f350, 0x000001915994a650, 0x000001915994be60,
0x000001915994c800, 0x000001915994ccd0, 0x000001915994c330, 0x000001915994e4e0,
0x0000019159947fd0, 0x000001915994d1a0, 0x000001915994e9b0, 0x0000019159949cb0,
0x000001915994db40, 0x000001915994ee80, 0x000001915994e010, 0x0000019159948e40,
0x0000019159949310, 0x0000019156cfe4c0, 0x0000019156d031c0, 0x0000019156cfe990,
0x0000019156cfee60, 0x0000019156cff800, 0x0000019156d04500, 0x0000019156d01010,
0x0000019156d049d0, 0x0000019156cffcd0, 0x0000019156d014e0, 0x0000019156d03b60,
0x0000019159743260, 0x0000019159747a90, 0x00000191597423f0, 0x00000191597428c0,
0x0000019159744f40, 0x00000191597445a0, 0x00000191597458e0, 0x0000019159744a70,
0x00000191597470f0, 0x0000019159745410, 0x0000019159745db0, 0x00000191597475c0,
0x0000019159742d90, 0x0000019159747f60, 0x0000019159743730, 0x0000019159749770,
0x0000019159748430, 0x0000019159741f20, 0x0000019159743c00, 0x00000191597440d0,
0x0000019159746280, 0x0000019159746c20, 0x0000019159748dd0, 0x0000019159746750,
0x0000019159748900, 0x00000191597492a0, 0x000001915740f470, 0x000001915740b5e0,
0x0000019157408f60, 0x000001915740bab0, 0x000001915740c450, 0x000001915740ac40,
0x00000191574080f0, 0x000001915740e600, 0x000001915740ead0, 0x000001915740f940,
0x000001915740bf80, 0x000001915740efa0, 0x000001915740c920, 0x00000191574085c0,
0x0000019157408a90, 0x0000019157409430, 0x000001915740b110, 0x000001915740cdf0,
0x000001915740d2c0, 0x0000019157409900
}

Java Threads: ( => current thread )
  0x000001912f23e470 JavaThread "main" [_thread_blocked, id=13604, stack(0x000000725fd00000,0x000000725fe00000)]
  0x000001914f1d1180 JavaThread "Reference Handler" daemon [_thread_blocked, id=19572, stack(0x0000007260400000,0x0000007260500000)]
  0x000001914f1d1cf0 JavaThread "Finalizer" daemon [_thread_blocked, id=20300, stack(0x0000007260500000,0x0000007260600000)]
  0x000001914f1e8e00 JavaThread "Signal Dispatcher" daemon [_thread_blocked, id=17784, stack(0x0000007260600000,0x0000007260700000)]
  0x000001914f1ea820 JavaThread "Attach Listener" daemon [_thread_blocked, id=4496, stack(0x0000007260700000,0x0000007260800000)]
  0x000001914f1eb0d0 JavaThread "Service Thread" daemon [_thread_blocked, id=1564, stack(0x0000007260800000,0x0000007260900000)]
  0x000001914f1eb980 JavaThread "Monitor Deflation Thread" daemon [_thread_blocked, id=8888, stack(0x0000007260900000,0x0000007260a00000)]
  0x000001914f1efa60 JavaThread "C2 CompilerThread0" daemon [_thread_in_native, id=20944, stack(0x0000007260a00000,0x0000007260b00000)]
  0x000001914f1fc780 JavaThread "C1 CompilerThread0" daemon [_thread_blocked, id=2524, stack(0x0000007260b00000,0x0000007260c00000)]
  0x000001914f1fd070 JavaThread "Sweeper thread" daemon [_thread_blocked, id=12248, stack(0x0000007260c00000,0x0000007260d00000)]
  0x0000019153cd9a80 JavaThread "Common-Cleaner" daemon [_thread_blocked, id=10116, stack(0x0000007260d00000,0x0000007260e00000)]
  0x0000019153cda570 JavaThread "Notification Thread" daemon [_thread_blocked, id=10076, stack(0x0000007260e00000,0x0000007260f00000)]
  0x0000019155659a70 JavaThread "Daemon health stats" [_thread_blocked, id=20564, stack(0x0000007261600000,0x0000007261700000)]
  0x0000019155996570 JavaThread "Incoming local TCP Connector on port 61978" [_thread_in_native, id=20344, stack(0x0000007261700000,0x0000007261800000)]
  0x0000019155bddd20 JavaThread "Daemon periodic checks" [_thread_blocked, id=21488, stack(0x0000007261800000,0x0000007261900000)]
  0x00000191559ce3f0 JavaThread "Daemon" [_thread_blocked, id=21764, stack(0x0000007261900000,0x0000007261a00000)]
  0x00000191559cec80 JavaThread "Handler for socket connection from /127.0.0.1:61978 to /127.0.0.1:61979" [_thread_in_native, id=3768, stack(0x0000007261a00000,0x0000007261b00000)]
  0x0000019155a931b0 JavaThread "Cancel handler" [_thread_blocked, id=16108, stack(0x0000007261b00000,0x0000007261c00000)]
  0x0000019155a93670 JavaThread "Daemon worker" [_thread_in_vm, id=8628, stack(0x0000007261c00000,0x0000007261d00000)]
  0x0000019155bcabe0 JavaThread "Asynchronous log dispatcher for DefaultDaemonConnection: socket connection from /127.0.0.1:61978 to /127.0.0.1:61979" [_thread_blocked, id=14848, stack(0x0000007261d00000,0x0000007261e00000)]
  0x000001912f3bf060 JavaThread "Stdin handler" [_thread_blocked, id=10752, stack(0x0000007261e00000,0x0000007261f00000)]
  0x000001912f3bbb70 JavaThread "Daemon client event forwarder" [_thread_blocked, id=15632, stack(0x0000007261f00000,0x0000007262000000)]
  0x000001912f3bc9e0 JavaThread "Cache worker for journal cache (C:\Users\Acer nitro\.gradle\caches\journal-1)" [_thread_blocked, id=20556, stack(0x0000007262000000,0x0000007262100000)]
  0x000001912f3bd380 JavaThread "File lock request listener" [_thread_in_native, id=15544, stack(0x0000007262100000,0x0000007262200000)]
  0x0000019155cd56f0 JavaThread "Cache worker for file hash cache (C:\Users\Acer nitro\.gradle\caches\7.4.2\fileHashes)" [_thread_blocked, id=21720, stack(0x0000007262200000,0x0000007262300000)]
  0x0000019155cd2200 JavaThread "File watcher server" daemon [_thread_in_native, id=17452, stack(0x0000007262800000,0x0000007262900000)]
  0x0000019155cd3070 JavaThread "File watcher consumer" daemon [_thread_blocked, id=19044, stack(0x0000007262900000,0x0000007262a00000)]
  0x0000019155cd26d0 JavaThread "Cache worker for checksums cache (D:\ad_react\TravelApp\android\.gradle\7.4.2\checksums)" [_thread_blocked, id=21872, stack(0x0000007262b00000,0x0000007262c00000)]
  0x0000019155cd3ee0 JavaThread "Cache worker for cache directory md-rule (C:\Users\Acer nitro\.gradle\caches\7.4.2\md-rule)" [_thread_blocked, id=12428, stack(0x0000007262c00000,0x0000007262d00000)]
  0x0000019155cd09f0 JavaThread "Cache worker for file hash cache (D:\ad_react\TravelApp\android\.gradle\7.4.2\fileHashes)" [_thread_blocked, id=15960, stack(0x0000007262f00000,0x0000007263000000)]
  0x0000019155cd6090 JavaThread "Cache worker for cache directory md-supplier (C:\Users\Acer nitro\.gradle\caches\7.4.2\md-supplier)" [_thread_blocked, id=20224, stack(0x0000007263000000,0x0000007263100000)]
  0x0000019155cd6560 JavaThread "Cache worker for execution history cache (C:\Users\Acer nitro\.gradle\caches\7.4.2\executionHistory)" [_thread_blocked, id=18168, stack(0x0000007263100000,0x0000007263200000)]
  0x0000019155cd1d30 JavaThread "jar transforms" [_thread_blocked, id=19340, stack(0x0000007263200000,0x0000007263300000)]
  0x0000019155cd5220 JavaThread "jar transforms Thread 2" [_thread_blocked, id=20340, stack(0x0000007263300000,0x0000007263400000)]
  0x0000019155cd0050 JavaThread "Cache worker for file content cache (C:\Users\Acer nitro\.gradle\caches\7.4.2\fileContent)" [_thread_blocked, id=18924, stack(0x0000007263400000,0x0000007263500000)]
  0x0000019155cd73d0 JavaThread "jar transforms Thread 3" [_thread_blocked, id=3888, stack(0x0000007263500000,0x0000007263600000)]
  0x0000019155cd78a0 JavaThread "jar transforms Thread 4" [_thread_blocked, id=17216, stack(0x0000007263600000,0x0000007263700000)]
=>0x0000019153e3baa0 JavaThread "C2 CompilerThread1" daemon [_thread_in_native, id=21628, stack(0x0000007261100000,0x0000007261200000)]
  0x0000019155cd1390 JavaThread "Cache worker for kotlin-dsl (C:\Users\Acer nitro\.gradle\caches\7.4.2\kotlin-dsl)" [_thread_blocked, id=320, stack(0x0000007262a00000,0x0000007262b00000)]
  0x0000019155cd1860 JavaThread "jar transforms Thread 5" [_thread_blocked, id=21284, stack(0x0000007263700000,0x0000007263800000)]
  0x00000191551140e0 JavaThread "jar transforms Thread 6" [_thread_blocked, id=7968, stack(0x0000007263800000,0x0000007263900000)]
  0x0000019155114a80 JavaThread "Cache worker for dependencies-accessors (D:\ad_react\TravelApp\android\.gradle\7.4.2\dependencies-accessors)" [_thread_blocked, id=19816, stack(0x0000007263900000,0x0000007263a00000)]
  0x0000019155114f50 JavaThread "Cache worker for Build Output Cleanup Cache (D:\ad_react\TravelApp\node_modules\react-native-gradle-plugin\.gradle\buildOutputCleanup)" [_thread_blocked, id=13920, stack(0x0000007263a00000,0x0000007263b00000)]
  0x0000019155116760 JavaThread "jar transforms Thread 7" [_thread_blocked, id=6860, stack(0x0000007263b00000,0x0000007263c00000)]
  0x0000019155116c30 JavaThread "Unconstrained build operations" [_thread_blocked, id=17700, stack(0x0000007263c00000,0x0000007263d00000)]
  0x00000191551175d0 JavaThread "Unconstrained build operations Thread 2" [_thread_blocked, id=4956, stack(0x0000007263d00000,0x0000007263e00000)]
  0x0000019155113c10 JavaThread "Unconstrained build operations Thread 3" [_thread_blocked, id=1828, stack(0x0000007263e00000,0x0000007263f00000)]
  0x00000191551145b0 JavaThread "Unconstrained build operations Thread 4" [_thread_blocked, id=20056, stack(0x0000007263f00000,0x0000007264000000)]
  0x00000191578aa000 JavaThread "Unconstrained build operations Thread 5" [_thread_blocked, id=8780, stack(0x0000007264000000,0x0000007264100000)]
  0x00000191578a9b30 JavaThread "Unconstrained build operations Thread 6" [_thread_blocked, id=1556, stack(0x0000007264100000,0x0000007264200000)]
  0x00000191578aa4d0 JavaThread "Unconstrained build operations Thread 7" [_thread_blocked, id=17156, stack(0x0000007264200000,0x0000007264300000)]
  0x00000191578a74b0 JavaThread "Unconstrained build operations Thread 8" [_thread_blocked, id=17964, stack(0x0000007264300000,0x0000007264400000)]
  0x00000191578acb50 JavaThread "Unconstrained build operations Thread 9" [_thread_blocked, id=14476, stack(0x0000007264400000,0x0000007264500000)]
  0x00000191578aa9a0 JavaThread "Unconstrained build operations Thread 10" [_thread_blocked, id=20240, stack(0x0000007264500000,0x0000007264600000)]
  0x00000191578a87f0 JavaThread "Unconstrained build operations Thread 11" [_thread_blocked, id=11904, stack(0x0000007264600000,0x0000007264700000)]
  0x00000191578a57d0 JavaThread "Unconstrained build operations Thread 12" [_thread_blocked, id=16736, stack(0x0000007264700000,0x0000007264800000)]
  0x00000191578a6b10 JavaThread "Unconstrained build operations Thread 13" [_thread_blocked, id=19852, stack(0x0000007264800000,0x0000007264900000)]
  0x00000191578a7980 JavaThread "Unconstrained build operations Thread 14" [_thread_blocked, id=11328, stack(0x0000007264900000,0x0000007264a00000)]
  0x00000191578aae70 JavaThread "Unconstrained build operations Thread 15" [_thread_blocked, id=18864, stack(0x0000007264a00000,0x0000007264b00000)]
  0x00000191578ab340 JavaThread "Unconstrained build operations Thread 16" [_thread_blocked, id=21344, stack(0x0000007264b00000,0x0000007264c00000)]
  0x00000191578a5ca0 JavaThread "Unconstrained build operations Thread 17" [_thread_blocked, id=20048, stack(0x0000007264c00000,0x0000007264d00000)]
  0x00000191578a9190 JavaThread "Unconstrained build operations Thread 18" [_thread_blocked, id=8856, stack(0x0000007264d00000,0x0000007264e00000)]
  0x00000191578a7e50 JavaThread "Unconstrained build operations Thread 19" [_thread_blocked, id=15372, stack(0x0000007264e00000,0x0000007264f00000)]
  0x00000191578ab810 JavaThread "Unconstrained build operations Thread 20" [_thread_blocked, id=10792, stack(0x0000007264f00000,0x0000007265000000)]
  0x00000191578ad020 JavaThread "Unconstrained build operations Thread 21" [_thread_blocked, id=3856, stack(0x0000007265000000,0x0000007265100000)]
  0x00000191578a9660 JavaThread "Unconstrained build operations Thread 22" [_thread_blocked, id=4808, stack(0x0000007265100000,0x0000007265200000)]
  0x00000191578a6170 JavaThread "Unconstrained build operations Thread 23" [_thread_blocked, id=12536, stack(0x0000007265200000,0x0000007265300000)]
  0x00000191578a6640 JavaThread "Unconstrained build operations Thread 24" [_thread_blocked, id=20100, stack(0x0000007265300000,0x0000007265400000)]
  0x00000191578abce0 JavaThread "Unconstrained build operations Thread 25" [_thread_blocked, id=21964, stack(0x0000007265400000,0x0000007265500000)]
  0x00000191578ac1b0 JavaThread "Unconstrained build operations Thread 26" [_thread_blocked, id=15592, stack(0x0000007265500000,0x0000007265600000)]
  0x00000191578a8320 JavaThread "Unconstrained build operations Thread 27" [_thread_blocked, id=9624, stack(0x0000007265600000,0x0000007265700000)]
  0x00000191578ac680 JavaThread "Unconstrained build operations Thread 28" [_thread_blocked, id=13172, stack(0x0000007265700000,0x0000007265800000)]
  0x00000191578a6fe0 JavaThread "Unconstrained build operations Thread 29" [_thread_blocked, id=8508, stack(0x0000007265800000,0x0000007265900000)]
  0x00000191578a8cc0 JavaThread "Unconstrained build operations Thread 30" [_thread_blocked, id=13048, stack(0x0000007265900000,0x0000007265a00000)]
  0x0000019159983ef0 JavaThread "Unconstrained build operations Thread 31" [_thread_blocked, id=21716, stack(0x0000007265a00000,0x0000007265b00000)]
  0x0000019159980ed0 JavaThread "Unconstrained build operations Thread 32" [_thread_blocked, id=7692, stack(0x0000007265b00000,0x0000007265c00000)]
  0x0000019159981870 JavaThread "Unconstrained build operations Thread 33" [_thread_blocked, id=9640, stack(0x0000007265c00000,0x0000007265d00000)]
  0x0000019159983080 JavaThread "jar transforms Thread 8" [_thread_blocked, id=22068, stack(0x0000007265d00000,0x0000007265e00000)]
  0x0000019159983550 JavaThread "jar transforms Thread 9" [_thread_blocked, id=22224, stack(0x0000007265e00000,0x0000007265f00000)]
  0x00000191599813a0 JavaThread "jar transforms Thread 10" [_thread_blocked, id=16888, stack(0x0000007265f00000,0x0000007266000000)]
  0x0000019159981d40 JavaThread "jar transforms Thread 11" [_thread_blocked, id=22340, stack(0x0000007266000000,0x0000007266100000)]
  0x0000019159982210 JavaThread "jar transforms Thread 12" [_thread_blocked, id=15084, stack(0x0000007266100000,0x0000007266200000)]
  0x0000019159983a20 JavaThread "build event listener" [_thread_blocked, id=6372, stack(0x0000007266200000,0x0000007266300000)]
  0x00000191599826e0 JavaThread "Memory manager" [_thread_blocked, id=11920, stack(0x0000007266300000,0x0000007266400000)]
  0x0000019156d00670 JavaThread "Cache worker for Build Output Cleanup Cache (D:\ad_react\TravelApp\android\.gradle\buildOutputCleanup)" [_thread_blocked, id=10544, stack(0x0000007266400000,0x0000007266500000)]
  0x0000019156d001a0 JavaThread "included builds" [_thread_blocked, id=16028, stack(0x0000007266500000,0x0000007266600000)]
  0x0000019156d03690 JavaThread "Cache worker for execution history cache (D:\ad_react\TravelApp\node_modules\react-native-gradle-plugin\.gradle\7.4.2\executionHistory)" [_thread_blocked, id=18060, stack(0x0000007267100000,0x0000007267200000)]
  0x0000019156d01e80 JavaThread "Unconstrained build operations Thread 34" [_thread_blocked, id=3144, stack(0x0000007267200000,0x0000007267300000)]
  0x0000019156d04030 JavaThread "Unconstrained build operations Thread 35" [_thread_blocked, id=8208, stack(0x0000007267300000,0x0000007267400000)]
  0x0000019156d04ea0 JavaThread "Unconstrained build operations Thread 36" [_thread_blocked, id=21812, stack(0x0000007267400000,0x0000007267500000)]
  0x0000019156cff330 JavaThread "Unconstrained build operations Thread 37" [_thread_blocked, id=15736, stack(0x0000007267500000,0x0000007267600000)]
  0x0000019156d02350 JavaThread "Unconstrained build operations Thread 38" [_thread_blocked, id=14780, stack(0x0000007267600000,0x0000007267700000)]
  0x0000019156d02820 JavaThread "Unconstrained build operations Thread 39" [_thread_blocked, id=2472, stack(0x0000007267700000,0x0000007267800000)]
  0x0000019156d05370 JavaThread "Unconstrained build operations Thread 40" [_thread_blocked, id=20432, stack(0x0000007267800000,0x0000007267900000)]
  0x000001915994d670 JavaThread "Unconstrained build operations Thread 41" [_thread_blocked, id=17828, stack(0x0000007267900000,0x0000007267a00000)]
  0x000001915994f820 JavaThread "Unconstrained build operations Thread 42" [_thread_blocked, id=4312, stack(0x0000007267a00000,0x0000007267b00000)]
  0x00000191599484a0 JavaThread "Unconstrained build operations Thread 43" [_thread_blocked, id=8584, stack(0x0000007267b00000,0x0000007267c00000)]
  0x0000019159948970 JavaThread "Unconstrained build operations Thread 44" [_thread_blocked, id=2828, stack(0x0000007267c00000,0x0000007267d00000)]
  0x000001915994a180 JavaThread "Unconstrained build operations Thread 45" [_thread_blocked, id=21976, stack(0x0000007267d00000,0x0000007267e00000)]
  0x00000191599497e0 JavaThread "Unconstrained build operations Thread 46" [_thread_blocked, id=15756, stack(0x0000007267e00000,0x0000007267f00000)]
  0x000001915994aff0 JavaThread "Unconstrained build operations Thread 47" [_thread_blocked, id=8116, stack(0x0000007267f00000,0x0000007268000000)]
  0x000001915994f350 JavaThread "Unconstrained build operations Thread 48" [_thread_blocked, id=20200, stack(0x0000007268000000,0x0000007268100000)]
  0x000001915994a650 JavaThread "Unconstrained build operations Thread 49" [_thread_blocked, id=9720, stack(0x0000007268100000,0x0000007268200000)]
  0x000001915994be60 JavaThread "Unconstrained build operations Thread 50" [_thread_blocked, id=21384, stack(0x0000007268200000,0x0000007268300000)]
  0x000001915994c800 JavaThread "Unconstrained build operations Thread 51" [_thread_blocked, id=7920, stack(0x0000007268300000,0x0000007268400000)]
  0x000001915994ccd0 JavaThread "Unconstrained build operations Thread 52" [_thread_blocked, id=13704, stack(0x0000007268400000,0x0000007268500000)]
  0x000001915994c330 JavaThread "Unconstrained build operations Thread 53" [_thread_blocked, id=4856, stack(0x0000007268500000,0x0000007268600000)]
  0x000001915994e4e0 JavaThread "Unconstrained build operations Thread 54" [_thread_blocked, id=7564, stack(0x0000007268600000,0x0000007268700000)]
  0x0000019159947fd0 JavaThread "Unconstrained build operations Thread 55" [_thread_blocked, id=5820, stack(0x0000007268700000,0x0000007268800000)]
  0x000001915994d1a0 JavaThread "Unconstrained build operations Thread 56" [_thread_blocked, id=16504, stack(0x0000007266600000,0x0000007266700000)]
  0x000001915994e9b0 JavaThread "Unconstrained build operations Thread 57" [_thread_blocked, id=13124, stack(0x0000007266700000,0x0000007266800000)]
  0x0000019159949cb0 JavaThread "Unconstrained build operations Thread 58" [_thread_blocked, id=21684, stack(0x0000007266800000,0x0000007266900000)]
  0x000001915994db40 JavaThread "Unconstrained build operations Thread 59" [_thread_blocked, id=1496, stack(0x0000007266900000,0x0000007266a00000)]
  0x000001915994ee80 JavaThread "Unconstrained build operations Thread 60" [_thread_blocked, id=18540, stack(0x0000007266a00000,0x0000007266b00000)]
  0x000001915994e010 JavaThread "Unconstrained build operations Thread 61" [_thread_blocked, id=18780, stack(0x0000007266b00000,0x0000007266c00000)]
  0x0000019159948e40 JavaThread "Unconstrained build operations Thread 62" [_thread_blocked, id=11424, stack(0x0000007266c00000,0x0000007266d00000)]
  0x0000019159949310 JavaThread "Unconstrained build operations Thread 63" [_thread_blocked, id=20384, stack(0x0000007266d00000,0x0000007266e00000)]
  0x0000019156cfe4c0 JavaThread "Unconstrained build operations Thread 64" [_thread_blocked, id=15696, stack(0x0000007266e00000,0x0000007266f00000)]
  0x0000019156d031c0 JavaThread "Unconstrained build operations Thread 65" [_thread_blocked, id=20772, stack(0x0000007266f00000,0x0000007267000000)]
  0x0000019156cfe990 JavaThread "Unconstrained build operations Thread 66" [_thread_blocked, id=15068, stack(0x0000007267000000,0x0000007267100000)]
  0x0000019156cfee60 JavaThread "Unconstrained build operations Thread 67" [_thread_blocked, id=1832, stack(0x0000007268800000,0x0000007268900000)]
  0x0000019156cff800 JavaThread "Unconstrained build operations Thread 68" [_thread_blocked, id=10200, stack(0x0000007268900000,0x0000007268a00000)]
  0x0000019156d04500 JavaThread "Unconstrained build operations Thread 69" [_thread_blocked, id=10572, stack(0x0000007268a00000,0x0000007268b00000)]
  0x0000019156d01010 JavaThread "Unconstrained build operations Thread 70" [_thread_blocked, id=17948, stack(0x0000007268b00000,0x0000007268c00000)]
  0x0000019156d049d0 JavaThread "Unconstrained build operations Thread 71" [_thread_blocked, id=16800, stack(0x0000007268c00000,0x0000007268d00000)]
  0x0000019156cffcd0 JavaThread "Unconstrained build operations Thread 72" [_thread_blocked, id=20732, stack(0x0000007268d00000,0x0000007268e00000)]
  0x0000019156d014e0 JavaThread "Unconstrained build operations Thread 73" [_thread_blocked, id=14724, stack(0x0000007268e00000,0x0000007268f00000)]
  0x0000019156d03b60 JavaThread "Unconstrained build operations Thread 74" [_thread_blocked, id=20544, stack(0x0000007268f00000,0x0000007269000000)]
  0x0000019159743260 JavaThread "Unconstrained build operations Thread 75" [_thread_blocked, id=16780, stack(0x0000007269000000,0x0000007269100000)]
  0x0000019159747a90 JavaThread "Unconstrained build operations Thread 76" [_thread_blocked, id=848, stack(0x0000007269100000,0x0000007269200000)]
  0x00000191597423f0 JavaThread "Unconstrained build operations Thread 77" [_thread_blocked, id=3468, stack(0x0000007269200000,0x0000007269300000)]
  0x00000191597428c0 JavaThread "Unconstrained build operations Thread 78" [_thread_blocked, id=18424, stack(0x0000007269300000,0x0000007269400000)]
  0x0000019159744f40 JavaThread "Unconstrained build operations Thread 79" [_thread_blocked, id=15472, stack(0x0000007269400000,0x0000007269500000)]
  0x00000191597445a0 JavaThread "Unconstrained build operations Thread 80" [_thread_blocked, id=17844, stack(0x0000007269500000,0x0000007269600000)]
  0x00000191597458e0 JavaThread "Unconstrained build operations Thread 81" [_thread_blocked, id=11468, stack(0x0000007269600000,0x0000007269700000)]
  0x0000019159744a70 JavaThread "Unconstrained build operations Thread 82" [_thread_blocked, id=18076, stack(0x0000007269700000,0x0000007269800000)]
  0x00000191597470f0 JavaThread "Unconstrained build operations Thread 83" [_thread_blocked, id=9696, stack(0x0000007269800000,0x0000007269900000)]
  0x0000019159745410 JavaThread "Unconstrained build operations Thread 84" [_thread_blocked, id=20292, stack(0x0000007269900000,0x0000007269a00000)]
  0x0000019159745db0 JavaThread "Unconstrained build operations Thread 85" [_thread_blocked, id=5532, stack(0x0000007269a00000,0x0000007269b00000)]
  0x00000191597475c0 JavaThread "Unconstrained build operations Thread 86" [_thread_blocked, id=2628, stack(0x0000007269b00000,0x0000007269c00000)]
  0x0000019159742d90 JavaThread "Unconstrained build operations Thread 87" [_thread_blocked, id=18348, stack(0x0000007269c00000,0x0000007269d00000)]
  0x0000019159747f60 JavaThread "Unconstrained build operations Thread 88" [_thread_blocked, id=21952, stack(0x0000007269d00000,0x0000007269e00000)]
  0x0000019159743730 JavaThread "Unconstrained build operations Thread 89" [_thread_blocked, id=21380, stack(0x0000007269e00000,0x0000007269f00000)]
  0x0000019159749770 JavaThread "Unconstrained build operations Thread 90" [_thread_blocked, id=13852, stack(0x0000007269f00000,0x000000726a000000)]
  0x0000019159748430 JavaThread "Unconstrained build operations Thread 91" [_thread_blocked, id=18236, stack(0x000000726a000000,0x000000726a100000)]
  0x0000019159741f20 JavaThread "Unconstrained build operations Thread 92" [_thread_blocked, id=19480, stack(0x000000726a100000,0x000000726a200000)]
  0x0000019159743c00 JavaThread "Unconstrained build operations Thread 93" [_thread_blocked, id=10384, stack(0x000000726a200000,0x000000726a300000)]
  0x00000191597440d0 JavaThread "Unconstrained build operations Thread 94" [_thread_blocked, id=17620, stack(0x000000726a300000,0x000000726a400000)]
  0x0000019159746280 JavaThread "Unconstrained build operations Thread 95" [_thread_blocked, id=16576, stack(0x000000726a400000,0x000000726a500000)]
  0x0000019159746c20 JavaThread "Unconstrained build operations Thread 96" [_thread_blocked, id=22220, stack(0x000000726a500000,0x000000726a600000)]
  0x0000019159748dd0 JavaThread "Unconstrained build operations Thread 97" [_thread_blocked, id=19488, stack(0x000000726a600000,0x000000726a700000)]
  0x0000019159746750 JavaThread "Unconstrained build operations Thread 98" [_thread_blocked, id=13500, stack(0x000000726a700000,0x000000726a800000)]
  0x0000019159748900 JavaThread "Unconstrained build operations Thread 99" [_thread_blocked, id=18700, stack(0x000000726a800000,0x000000726a900000)]
  0x00000191597492a0 JavaThread "Unconstrained build operations Thread 100" [_thread_blocked, id=10120, stack(0x000000726a900000,0x000000726aa00000)]
  0x000001915740f470 JavaThread "Unconstrained build operations Thread 101" [_thread_blocked, id=8296, stack(0x000000726aa00000,0x000000726ab00000)]
  0x000001915740b5e0 JavaThread "Unconstrained build operations Thread 102" [_thread_blocked, id=6276, stack(0x000000726ab00000,0x000000726ac00000)]
  0x0000019157408f60 JavaThread "Unconstrained build operations Thread 103" [_thread_blocked, id=5600, stack(0x000000726ac00000,0x000000726ad00000)]
  0x000001915740bab0 JavaThread "Unconstrained build operations Thread 104" [_thread_blocked, id=380, stack(0x000000726ad00000,0x000000726ae00000)]
  0x000001915740c450 JavaThread "Unconstrained build operations Thread 105" [_thread_blocked, id=16392, stack(0x000000726ae00000,0x000000726af00000)]
  0x000001915740ac40 JavaThread "Unconstrained build operations Thread 106" [_thread_blocked, id=13916, stack(0x000000726af00000,0x000000726b000000)]
  0x00000191574080f0 JavaThread "Unconstrained build operations Thread 107" [_thread_blocked, id=15944, stack(0x000000726b000000,0x000000726b100000)]
  0x000001915740e600 JavaThread "Unconstrained build operations Thread 108" [_thread_blocked, id=15060, stack(0x000000726b100000,0x000000726b200000)]
  0x000001915740ead0 JavaThread "Unconstrained build operations Thread 109" [_thread_blocked, id=13384, stack(0x000000726b200000,0x000000726b300000)]
  0x000001915740f940 JavaThread "Unconstrained build operations Thread 110" [_thread_blocked, id=18548, stack(0x000000726b300000,0x000000726b400000)]
  0x000001915740bf80 JavaThread "Unconstrained build operations Thread 111" [_thread_blocked, id=15996, stack(0x000000726b400000,0x000000726b500000)]
  0x000001915740efa0 JavaThread "Unconstrained build operations Thread 112" [_thread_blocked, id=14356, stack(0x000000726b500000,0x000000726b600000)]
  0x000001915740c920 JavaThread "Unconstrained build operations Thread 113" [_thread_blocked, id=12796, stack(0x000000726b600000,0x000000726b700000)]
  0x00000191574085c0 JavaThread "Unconstrained build operations Thread 114" [_thread_blocked, id=13860, stack(0x000000726b700000,0x000000726b800000)]
  0x0000019157408a90 JavaThread "Unconstrained build operations Thread 115" [_thread_blocked, id=13776, stack(0x000000726b800000,0x000000726b900000)]
  0x0000019157409430 JavaThread "Unconstrained build operations Thread 116" [_thread_blocked, id=22464, stack(0x000000726b900000,0x000000726ba00000)]
  0x000001915740b110 JavaThread "Unconstrained build operations Thread 117" [_thread_blocked, id=18388, stack(0x000000726ba00000,0x000000726bb00000)]
  0x000001915740cdf0 JavaThread "Unconstrained build operations Thread 118" [_thread_blocked, id=18816, stack(0x000000726bb00000,0x000000726bc00000)]
  0x000001915740d2c0 JavaThread "Unconstrained build operations Thread 119" [_thread_blocked, id=21368, stack(0x000000726bc00000,0x000000726bd00000)]
  0x0000019157409900 JavaThread "Unconstrained build operations Thread 120" [_thread_blocked, id=5644, stack(0x000000726bd00000,0x000000726be00000)]

Other Threads:
  0x000001914f1cdaf0 VMThread "VM Thread" [stack: 0x0000007260300000,0x0000007260400000] [id=19876]
  0x0000019153ce6a60 WatcherThread "VM Periodic Task Thread" [stack: 0x0000007260f00000,0x0000007261000000] [id=20620]
  0x000001912f42c620 WorkerThread "GC Thread#0" [stack: 0x000000725fe00000,0x000000725ff00000] [id=21164]
  0x0000019154f8a750 WorkerThread "GC Thread#1" [stack: 0x0000007261200000,0x0000007261300000] [id=17480]
  0x0000019154d13e50 WorkerThread "GC Thread#2" [stack: 0x0000007261300000,0x0000007261400000] [id=11672]
  0x0000019154d33860 WorkerThread "GC Thread#3" [stack: 0x0000007261400000,0x0000007261500000] [id=21004]
  0x0000019154d78190 WorkerThread "GC Thread#4" [stack: 0x0000007261500000,0x0000007261600000] [id=18896]
  0x0000019155d778a0 WorkerThread "GC Thread#5" [stack: 0x0000007262300000,0x0000007262400000] [id=3784]
  0x0000019154d32c60 WorkerThread "GC Thread#6" [stack: 0x0000007262400000,0x0000007262500000] [id=7528]
  0x0000019157a2a020 WorkerThread "GC Thread#7" [stack: 0x0000007262500000,0x0000007262600000] [id=12816]
  0x00000191563a2020 WorkerThread "GC Thread#8" [stack: 0x0000007262600000,0x0000007262700000] [id=4144]
  0x00000191563a2560 WorkerThread "GC Thread#9" [stack: 0x0000007262700000,0x0000007262800000] [id=19436]
  0x000001912f43d460 ConcurrentGCThread "G1 Main Marker" [stack: 0x000000725ff00000,0x0000007260000000] [id=10324]
  0x000001912f43e500 WorkerThread "G1 Conc#0" [stack: 0x0000007260000000,0x0000007260100000] [id=11056]
  0x00000191563a2800 WorkerThread "G1 Conc#1" [stack: 0x0000007262d00000,0x0000007262e00000] [id=14644]
  0x00000191563a2aa0 WorkerThread "G1 Conc#2" [stack: 0x0000007262e00000,0x0000007262f00000] [id=21708]
  0x000001912f4704f0 ConcurrentGCThread "G1 Refine#0" [stack: 0x0000007260100000,0x0000007260200000] [id=7008]
  0x000001912f470bb0 ConcurrentGCThread "G1 Service" [stack: 0x0000007260200000,0x0000007260300000] [id=9232]

Threads with active compile tasks:
C2 CompilerThread0    13470 9528       4       groovy.lang.MetaClassImpl::inheritInterfaceNewMetaMethods (195 bytes)
C2 CompilerThread1    13470 9473       4       java.beans.Introspector::addMethod (196 bytes)

VM state: not at safepoint (normal execution)

VM Mutex/Monitor currently owned by a thread: None

Heap address: 0x0000000080000000, size: 2048 MB, Compressed Oops mode: 32-bit

CDS archive(s) mapped at: [0x0000000800000000-0x0000000800ba0000-0x0000000800ba0000), size 12189696, SharedBaseAddress: 0x0000000800000000, ArchiveRelocationMode: 0.
Compressed class space mapped at: 0x0000000800c00000-0x000000081a800000, reserved size: 432013312
Narrow klass base: 0x0000000800000000, Narrow klass shift: 0, Narrow klass range: 0x100000000

GC Precious Log:
 CardTable entry size: 512
 Card Set container configuration: InlinePtr #cards 5 size 8 Array Of Cards #cards 12 size 40 Howl #buckets 4 coarsen threshold 1843 Howl Bitmap #cards 512 size 80 coarsen threshold 460 Card regions per heap region 1 cards per card region 2048
 CPUs: 12 total, 12 available
 Memory: 7532M
 Large Page Support: Disabled
 NUMA Support: Disabled
 Compressed Oops: Enabled (32-bit)
 Heap Region Size: 1M
 Heap Min Capacity: 8M
 Heap Initial Capacity: 118M
 Heap Max Capacity: 2G
 Pre-touch: Disabled
 Parallel Workers: 10
 Concurrent Workers: 3
 Concurrent Refinement Workers: 10
 Periodic GC: Disabled

Heap:
 garbage-first heap   total 188416K, used 117316K [0x0000000080000000, 0x0000000100000000)
  region size 1024K, 42 young (43008K), 1 survivors (1024K)
 Metaspace       used 74890K, committed 76736K, reserved 552960K
  class space    used 10190K, committed 11136K, reserved 421888K

Heap Regions: E=young(eden), S=young(survivor), O=old, HS=humongous(starts), HC=humongous(continues), CS=collection set, F=free, OA=open archive, CA=closed archive, TAMS=top-at-mark-start (previous, next)
|   0|0x0000000080000000, 0x0000000080100000, 0x0000000080100000|100%| O|  |TAMS 0x0000000080100000, 0x0000000080000000| Untracked 
|   1|0x0000000080100000, 0x0000000080200000, 0x0000000080200000|100%| O|  |TAMS 0x0000000080200000, 0x0000000080100000| Untracked 
|   2|0x0000000080200000, 0x0000000080300000, 0x0000000080300000|100%| O|  |TAMS 0x0000000080300000, 0x0000000080200000| Untracked 
|   3|0x0000000080300000, 0x0000000080400000, 0x0000000080400000|100%|HS|  |TAMS 0x0000000080400000, 0x0000000080300000| Complete 
|   4|0x0000000080400000, 0x0000000080500000, 0x0000000080500000|100%|HC|  |TAMS 0x0000000080500000, 0x0000000080400000| Complete 
|   5|0x0000000080500000, 0x0000000080600000, 0x0000000080600000|100%|HC|  |TAMS 0x0000000080600000, 0x0000000080500000| Complete 
|   6|0x0000000080600000, 0x0000000080700000, 0x0000000080700000|100%| O|  |TAMS 0x0000000080700000, 0x0000000080600000| Untracked 
|   7|0x0000000080700000, 0x0000000080800000, 0x0000000080800000|100%| O|  |TAMS 0x0000000080800000, 0x0000000080700000| Untracked 
|   8|0x0000000080800000, 0x0000000080900000, 0x0000000080900000|100%| O|  |TAMS 0x0000000080900000, 0x0000000080800000| Untracked 
|   9|0x0000000080900000, 0x0000000080a00000, 0x0000000080a00000|100%| O|  |TAMS 0x0000000080a00000, 0x0000000080900000| Untracked 
|  10|0x0000000080a00000, 0x0000000080b00000, 0x0000000080b00000|100%| O|  |TAMS 0x0000000080b00000, 0x0000000080a00000| Untracked 
|  11|0x0000000080b00000, 0x0000000080c00000, 0x0000000080c00000|100%| O|  |TAMS 0x0000000080c00000, 0x0000000080b00000| Untracked 
|  12|0x0000000080c00000, 0x0000000080d00000, 0x0000000080d00000|100%| O|  |TAMS 0x0000000080d00000, 0x0000000080c00000| Untracked 
|  13|0x0000000080d00000, 0x0000000080e00000, 0x0000000080e00000|100%| O|  |TAMS 0x0000000080e00000, 0x0000000080d00000| Untracked 
|  14|0x0000000080e00000, 0x0000000080f00000, 0x0000000080f00000|100%| O|  |TAMS 0x0000000080f00000, 0x0000000080e00000| Untracked 
|  15|0x0000000080f00000, 0x0000000081000000, 0x0000000081000000|100%| O|  |TAMS 0x0000000081000000, 0x0000000080f00000| Untracked 
|  16|0x0000000081000000, 0x0000000081100000, 0x0000000081100000|100%| O|  |TAMS 0x0000000081100000, 0x0000000081000000| Untracked 
|  17|0x0000000081100000, 0x0000000081200000, 0x0000000081200000|100%| O|  |TAMS 0x0000000081200000, 0x0000000081100000| Untracked 
|  18|0x0000000081200000, 0x0000000081300000, 0x0000000081300000|100%| O|  |TAMS 0x0000000081200000, 0x0000000081200000| Untracked 
|  19|0x0000000081300000, 0x0000000081400000, 0x0000000081400000|100%| O|  |TAMS 0x0000000081400000, 0x0000000081300000| Untracked 
|  20|0x0000000081400000, 0x0000000081500000, 0x0000000081500000|100%| O|  |TAMS 0x0000000081500000, 0x0000000081400000| Untracked 
|  21|0x0000000081500000, 0x0000000081600000, 0x0000000081600000|100%| O|  |TAMS 0x0000000081600000, 0x0000000081500000| Untracked 
|  22|0x0000000081600000, 0x0000000081700000, 0x0000000081700000|100%| O|  |TAMS 0x0000000081700000, 0x0000000081600000| Untracked 
|  23|0x0000000081700000, 0x0000000081800000, 0x0000000081800000|100%| O|  |TAMS 0x0000000081800000, 0x0000000081700000| Untracked 
|  24|0x0000000081800000, 0x0000000081900000, 0x0000000081900000|100%| O|  |TAMS 0x0000000081900000, 0x0000000081800000| Untracked 
|  25|0x0000000081900000, 0x0000000081900000, 0x0000000081a00000|  0%| F|  |TAMS 0x0000000081900000, 0x0000000081900000| Untracked 
|  26|0x0000000081a00000, 0x0000000081b00000, 0x0000000081b00000|100%| O|  |TAMS 0x0000000081b00000, 0x0000000081a00000| Untracked 
|  27|0x0000000081b00000, 0x0000000081c00000, 0x0000000081c00000|100%| O|  |TAMS 0x0000000081c00000, 0x0000000081b00000| Untracked 
|  28|0x0000000081c00000, 0x0000000081d00000, 0x0000000081d00000|100%| O|  |TAMS 0x0000000081d00000, 0x0000000081c00000| Untracked 
|  29|0x0000000081d00000, 0x0000000081e00000, 0x0000000081e00000|100%| O|  |TAMS 0x0000000081e00000, 0x0000000081d00000| Untracked 
|  30|0x0000000081e00000, 0x0000000081f00000, 0x0000000081f00000|100%| O|  |TAMS 0x0000000081f00000, 0x0000000081e00000| Untracked 
|  31|0x0000000081f00000, 0x0000000082000000, 0x0000000082000000|100%| O|  |TAMS 0x0000000082000000, 0x0000000081f00000| Untracked 
|  32|0x0000000082000000, 0x0000000082100000, 0x0000000082100000|100%| O|  |TAMS 0x0000000082100000, 0x0000000082000000| Untracked 
|  33|0x0000000082100000, 0x0000000082200000, 0x0000000082200000|100%| O|  |TAMS 0x0000000082200000, 0x0000000082100000| Untracked 
|  34|0x0000000082200000, 0x0000000082300000, 0x0000000082300000|100%| O|  |TAMS 0x0000000082300000, 0x0000000082200000| Untracked 
|  35|0x0000000082300000, 0x0000000082400000, 0x0000000082400000|100%|HS|  |TAMS 0x0000000082400000, 0x0000000082300000| Complete 
|  36|0x0000000082400000, 0x0000000082500000, 0x0000000082500000|100%| O|  |TAMS 0x0000000082500000, 0x0000000082400000| Untracked 
|  37|0x0000000082500000, 0x0000000082600000, 0x0000000082600000|100%|HS|  |TAMS 0x0000000082600000, 0x0000000082500000| Complete 
|  38|0x0000000082600000, 0x0000000082700000, 0x0000000082700000|100%|HC|  |TAMS 0x0000000082700000, 0x0000000082600000| Complete 
|  39|0x0000000082700000, 0x0000000082800000, 0x0000000082800000|100%|HC|  |TAMS 0x0000000082800000, 0x0000000082700000| Complete 
|  40|0x0000000082800000, 0x0000000082900000, 0x0000000082900000|100%| O|  |TAMS 0x0000000082900000, 0x0000000082800000| Untracked 
|  41|0x0000000082900000, 0x0000000082a00000, 0x0000000082a00000|100%| O|  |TAMS 0x0000000082a00000, 0x0000000082900000| Untracked 
|  42|0x0000000082a00000, 0x0000000082b00000, 0x0000000082b00000|100%| O|  |TAMS 0x0000000082b00000, 0x0000000082a00000| Untracked 
|  43|0x0000000082b00000, 0x0000000082c00000, 0x0000000082c00000|100%| O|  |TAMS 0x0000000082c00000, 0x0000000082b00000| Untracked 
|  44|0x0000000082c00000, 0x0000000082d00000, 0x0000000082d00000|100%| O|  |TAMS 0x0000000082d00000, 0x0000000082c00000| Untracked 
|  45|0x0000000082d00000, 0x0000000082e00000, 0x0000000082e00000|100%| O|  |TAMS 0x0000000082e00000, 0x0000000082d00000| Untracked 
|  46|0x0000000082e00000, 0x0000000082f00000, 0x0000000082f00000|100%| O|  |TAMS 0x0000000082f00000, 0x0000000082e00000| Untracked 
|  47|0x0000000082f00000, 0x0000000083000000, 0x0000000083000000|100%| O|  |TAMS 0x0000000083000000, 0x0000000082f00000| Untracked 
|  48|0x0000000083000000, 0x0000000083100000, 0x0000000083100000|100%| O|  |TAMS 0x0000000083100000, 0x0000000083000000| Untracked 
|  49|0x0000000083100000, 0x0000000083200000, 0x0000000083200000|100%| O|  |TAMS 0x0000000083200000, 0x0000000083100000| Untracked 
|  50|0x0000000083200000, 0x0000000083300000, 0x0000000083300000|100%| O|  |TAMS 0x0000000083300000, 0x0000000083200000| Untracked 
|  51|0x0000000083300000, 0x0000000083400000, 0x0000000083400000|100%| O|  |TAMS 0x0000000083400000, 0x0000000083300000| Untracked 
|  52|0x0000000083400000, 0x0000000083500000, 0x0000000083500000|100%| O|  |TAMS 0x0000000083500000, 0x0000000083400000| Untracked 
|  53|0x0000000083500000, 0x0000000083600000, 0x0000000083600000|100%| O|  |TAMS 0x0000000083600000, 0x0000000083500000| Untracked 
|  54|0x0000000083600000, 0x0000000083700000, 0x0000000083700000|100%| O|  |TAMS 0x0000000083700000, 0x0000000083600000| Untracked 
|  55|0x0000000083700000, 0x0000000083800000, 0x0000000083800000|100%| O|  |TAMS 0x0000000083800000, 0x0000000083700000| Untracked 
|  56|0x0000000083800000, 0x0000000083900000, 0x0000000083900000|100%| O|  |TAMS 0x0000000083900000, 0x0000000083800000| Untracked 
|  57|0x0000000083900000, 0x0000000083a00000, 0x0000000083a00000|100%|HS|  |TAMS 0x0000000083a00000, 0x0000000083900000| Complete 
|  58|0x0000000083a00000, 0x0000000083b00000, 0x0000000083b00000|100%|HS|  |TAMS 0x0000000083b00000, 0x0000000083a00000| Complete 
|  59|0x0000000083b00000, 0x0000000083c00000, 0x0000000083c00000|100%| O|  |TAMS 0x0000000083c00000, 0x0000000083b00000| Untracked 
|  60|0x0000000083c00000, 0x0000000083d00000, 0x0000000083d00000|100%|HS|  |TAMS 0x0000000083d00000, 0x0000000083c00000| Complete 
|  61|0x0000000083d00000, 0x0000000083e00000, 0x0000000083e00000|100%|HC|  |TAMS 0x0000000083e00000, 0x0000000083d00000| Complete 
|  62|0x0000000083e00000, 0x0000000083f00000, 0x0000000083f00000|100%| O|  |TAMS 0x0000000083f00000, 0x0000000083e00000| Untracked 
|  63|0x0000000083f00000, 0x0000000084000000, 0x0000000084000000|100%| O|  |TAMS 0x0000000084000000, 0x0000000083f00000| Untracked 
|  64|0x0000000084000000, 0x0000000084100000, 0x0000000084100000|100%| O|  |TAMS 0x0000000084100000, 0x0000000084000000| Untracked 
|  65|0x0000000084100000, 0x0000000084200000, 0x0000000084200000|100%| O|  |TAMS 0x0000000084200000, 0x0000000084100000| Untracked 
|  66|0x0000000084200000, 0x0000000084300000, 0x0000000084300000|100%| O|  |TAMS 0x0000000084300000, 0x0000000084200000| Untracked 
|  67|0x0000000084300000, 0x0000000084400000, 0x0000000084400000|100%| O|  |TAMS 0x0000000084400000, 0x0000000084300000| Untracked 
|  68|0x0000000084400000, 0x0000000084500000, 0x0000000084500000|100%| O|  |TAMS 0x0000000084500000, 0x0000000084400000| Untracked 
|  69|0x0000000084500000, 0x0000000084600000, 0x0000000084600000|100%| O|  |TAMS 0x0000000084600000, 0x0000000084500000| Untracked 
|  70|0x0000000084600000, 0x0000000084700000, 0x0000000084700000|100%| O|  |TAMS 0x0000000084700000, 0x0000000084600000| Untracked 
|  71|0x0000000084700000, 0x0000000084800000, 0x0000000084800000|100%| O|  |TAMS 0x0000000084800000, 0x0000000084700000| Untracked 
|  72|0x0000000084800000, 0x0000000084900000, 0x0000000084900000|100%| O|  |TAMS 0x0000000084831000, 0x0000000084800000| Untracked 
|  73|0x0000000084900000, 0x0000000084a00000, 0x0000000084a00000|100%| O|  |TAMS 0x0000000084900000, 0x0000000084900000| Untracked 
|  74|0x0000000084a00000, 0x0000000084b00000, 0x0000000084b00000|100%| O|  |TAMS 0x0000000084a00000, 0x0000000084a00000| Untracked 
|  75|0x0000000084b00000, 0x0000000084be4a00, 0x0000000084c00000| 89%| O|  |TAMS 0x0000000084b00000, 0x0000000084b00000| Untracked 
|  76|0x0000000084c00000, 0x0000000084c00000, 0x0000000084d00000|  0%| F|  |TAMS 0x0000000084c00000, 0x0000000084c00000| Untracked 
|  77|0x0000000084d00000, 0x0000000084d00000, 0x0000000084e00000|  0%| F|  |TAMS 0x0000000084d00000, 0x0000000084d00000| Untracked 
|  78|0x0000000084e00000, 0x0000000084e00000, 0x0000000084f00000|  0%| F|  |TAMS 0x0000000084e00000, 0x0000000084e00000| Untracked 
|  79|0x0000000084f00000, 0x0000000084f00000, 0x0000000085000000|  0%| F|  |TAMS 0x0000000084f00000, 0x0000000084f00000| Untracked 
|  80|0x0000000085000000, 0x0000000085000000, 0x0000000085100000|  0%| F|  |TAMS 0x0000000085000000, 0x0000000085000000| Untracked 
|  81|0x0000000085100000, 0x0000000085100000, 0x0000000085200000|  0%| F|  |TAMS 0x0000000085100000, 0x0000000085100000| Untracked 
|  82|0x0000000085200000, 0x0000000085200000, 0x0000000085300000|  0%| F|  |TAMS 0x0000000085200000, 0x0000000085200000| Untracked 
|  83|0x0000000085300000, 0x0000000085300000, 0x0000000085400000|  0%| F|  |TAMS 0x0000000085300000, 0x0000000085300000| Untracked 
|  84|0x0000000085400000, 0x0000000085400000, 0x0000000085500000|  0%| F|  |TAMS 0x0000000085400000, 0x0000000085400000| Untracked 
|  85|0x0000000085500000, 0x0000000085500000, 0x0000000085600000|  0%| F|  |TAMS 0x0000000085500000, 0x0000000085500000| Untracked 
|  86|0x0000000085600000, 0x0000000085600000, 0x0000000085700000|  0%| F|  |TAMS 0x0000000085600000, 0x0000000085600000| Untracked 
|  87|0x0000000085700000, 0x0000000085700000, 0x0000000085800000|  0%| F|  |TAMS 0x0000000085700000, 0x0000000085700000| Untracked 
|  88|0x0000000085800000, 0x0000000085800000, 0x0000000085900000|  0%| F|  |TAMS 0x0000000085800000, 0x0000000085800000| Untracked 
|  89|0x0000000085900000, 0x0000000085900000, 0x0000000085a00000|  0%| F|  |TAMS 0x0000000085900000, 0x0000000085900000| Untracked 
|  90|0x0000000085a00000, 0x0000000085a00000, 0x0000000085b00000|  0%| F|  |TAMS 0x0000000085a00000, 0x0000000085a00000| Untracked 
|  91|0x0000000085b00000, 0x0000000085b00000, 0x0000000085c00000|  0%| F|  |TAMS 0x0000000085b00000, 0x0000000085b00000| Untracked 
|  92|0x0000000085c00000, 0x0000000085c00000, 0x0000000085d00000|  0%| F|  |TAMS 0x0000000085c00000, 0x0000000085c00000| Untracked 
|  93|0x0000000085d00000, 0x0000000085d00000, 0x0000000085e00000|  0%| F|  |TAMS 0x0000000085d00000, 0x0000000085d00000| Untracked 
|  94|0x0000000085e00000, 0x0000000085e00000, 0x0000000085f00000|  0%| F|  |TAMS 0x0000000085e00000, 0x0000000085e00000| Untracked 
|  95|0x0000000085f00000, 0x0000000085f00000, 0x0000000086000000|  0%| F|  |TAMS 0x0000000085f00000, 0x0000000085f00000| Untracked 
|  96|0x0000000086000000, 0x0000000086000000, 0x0000000086100000|  0%| F|  |TAMS 0x0000000086000000, 0x0000000086000000| Untracked 
|  97|0x0000000086100000, 0x0000000086100000, 0x0000000086200000|  0%| F|  |TAMS 0x0000000086100000, 0x0000000086100000| Untracked 
|  98|0x0000000086200000, 0x0000000086200000, 0x0000000086300000|  0%| F|  |TAMS 0x0000000086200000, 0x0000000086200000| Untracked 
|  99|0x0000000086300000, 0x0000000086300000, 0x0000000086400000|  0%| F|  |TAMS 0x0000000086300000, 0x0000000086300000| Untracked 
| 100|0x0000000086400000, 0x0000000086400000, 0x0000000086500000|  0%| F|  |TAMS 0x0000000086400000, 0x0000000086400000| Untracked 
| 101|0x0000000086500000, 0x0000000086500000, 0x0000000086600000|  0%| F|  |TAMS 0x0000000086500000, 0x0000000086500000| Untracked 
| 102|0x0000000086600000, 0x0000000086600000, 0x0000000086700000|  0%| F|  |TAMS 0x0000000086600000, 0x0000000086600000| Untracked 
| 103|0x0000000086700000, 0x0000000086700000, 0x0000000086800000|  0%| F|  |TAMS 0x0000000086700000, 0x0000000086700000| Untracked 
| 104|0x0000000086800000, 0x0000000086800000, 0x0000000086900000|  0%| F|  |TAMS 0x0000000086800000, 0x0000000086800000| Untracked 
| 105|0x0000000086900000, 0x0000000086900000, 0x0000000086a00000|  0%| F|  |TAMS 0x0000000086900000, 0x0000000086900000| Untracked 
| 106|0x0000000086a00000, 0x0000000086a00000, 0x0000000086b00000|  0%| F|  |TAMS 0x0000000086a00000, 0x0000000086a00000| Untracked 
| 107|0x0000000086b00000, 0x0000000086b00000, 0x0000000086c00000|  0%| F|  |TAMS 0x0000000086b00000, 0x0000000086b00000| Untracked 
| 108|0x0000000086c00000, 0x0000000086c00000, 0x0000000086d00000|  0%| F|  |TAMS 0x0000000086c00000, 0x0000000086c00000| Untracked 
| 109|0x0000000086d00000, 0x0000000086d00000, 0x0000000086e00000|  0%| F|  |TAMS 0x0000000086d00000, 0x0000000086d00000| Untracked 
| 110|0x0000000086e00000, 0x0000000086e00000, 0x0000000086f00000|  0%| F|  |TAMS 0x0000000086e00000, 0x0000000086e00000| Untracked 
| 111|0x0000000086f00000, 0x0000000086f00000, 0x0000000087000000|  0%| F|  |TAMS 0x0000000086f00000, 0x0000000086f00000| Untracked 
| 112|0x0000000087000000, 0x0000000087000000, 0x0000000087100000|  0%| F|  |TAMS 0x0000000087000000, 0x0000000087000000| Untracked 
| 113|0x0000000087100000, 0x0000000087100000, 0x0000000087200000|  0%| F|  |TAMS 0x0000000087100000, 0x0000000087100000| Untracked 
| 114|0x0000000087200000, 0x0000000087200000, 0x0000000087300000|  0%| F|  |TAMS 0x0000000087200000, 0x0000000087200000| Untracked 
| 115|0x0000000087300000, 0x0000000087300000, 0x0000000087400000|  0%| F|  |TAMS 0x0000000087300000, 0x0000000087300000| Untracked 
| 116|0x0000000087400000, 0x0000000087400000, 0x0000000087500000|  0%| F|  |TAMS 0x0000000087400000, 0x0000000087400000| Untracked 
| 117|0x0000000087500000, 0x0000000087500000, 0x0000000087600000|  0%| F|  |TAMS 0x0000000087500000, 0x0000000087500000| Untracked 
| 118|0x0000000087600000, 0x0000000087600000, 0x0000000087700000|  0%| F|  |TAMS 0x0000000087600000, 0x0000000087600000| Untracked 
| 119|0x0000000087700000, 0x0000000087700000, 0x0000000087800000|  0%| F|  |TAMS 0x0000000087700000, 0x0000000087700000| Untracked 
| 120|0x0000000087800000, 0x0000000087800000, 0x0000000087900000|  0%| F|  |TAMS 0x0000000087800000, 0x0000000087800000| Untracked 
| 121|0x0000000087900000, 0x0000000087900000, 0x0000000087a00000|  0%| F|  |TAMS 0x0000000087900000, 0x0000000087900000| Untracked 
| 122|0x0000000087a00000, 0x0000000087a00000, 0x0000000087b00000|  0%| F|  |TAMS 0x0000000087a00000, 0x0000000087a00000| Untracked 
| 123|0x0000000087b00000, 0x0000000087b00000, 0x0000000087c00000|  0%| F|  |TAMS 0x0000000087b00000, 0x0000000087b00000| Untracked 
| 124|0x0000000087c00000, 0x0000000087c00000, 0x0000000087d00000|  0%| F|  |TAMS 0x0000000087c00000, 0x0000000087c00000| Untracked 
| 125|0x0000000087d00000, 0x0000000087d00000, 0x0000000087e00000|  0%| F|  |TAMS 0x0000000087d00000, 0x0000000087d00000| Untracked 
| 126|0x0000000087e00000, 0x0000000087e00000, 0x0000000087f00000|  0%| F|  |TAMS 0x0000000087e00000, 0x0000000087e00000| Untracked 
| 127|0x0000000087f00000, 0x0000000087f00000, 0x0000000088000000|  0%| F|  |TAMS 0x0000000087f00000, 0x0000000087f00000| Untracked 
| 128|0x0000000088000000, 0x0000000088000000, 0x0000000088100000|  0%| F|  |TAMS 0x0000000088000000, 0x0000000088000000| Untracked 
| 129|0x0000000088100000, 0x0000000088100000, 0x0000000088200000|  0%| F|  |TAMS 0x0000000088100000, 0x0000000088100000| Untracked 
| 130|0x0000000088200000, 0x0000000088200000, 0x0000000088300000|  0%| F|  |TAMS 0x0000000088200000, 0x0000000088200000| Untracked 
| 131|0x0000000088300000, 0x00000000883ac6c0, 0x0000000088400000| 67%| S|CS|TAMS 0x0000000088300000, 0x0000000088300000| Complete 
| 132|0x0000000088400000, 0x0000000088400000, 0x0000000088500000|  0%| F|  |TAMS 0x0000000088400000, 0x0000000088400000| Untracked 
| 133|0x0000000088500000, 0x0000000088500000, 0x0000000088600000|  0%| F|  |TAMS 0x0000000088500000, 0x0000000088500000| Untracked 
| 134|0x0000000088600000, 0x0000000088600000, 0x0000000088700000|  0%| F|  |TAMS 0x0000000088600000, 0x0000000088600000| Untracked 
| 135|0x0000000088700000, 0x0000000088700000, 0x0000000088800000|  0%| F|  |TAMS 0x0000000088700000, 0x0000000088700000| Untracked 
| 136|0x0000000088800000, 0x0000000088800000, 0x0000000088900000|  0%| F|  |TAMS 0x0000000088800000, 0x0000000088800000| Untracked 
| 137|0x0000000088900000, 0x0000000088900000, 0x0000000088a00000|  0%| F|  |TAMS 0x0000000088900000, 0x0000000088900000| Untracked 
| 138|0x0000000088a00000, 0x0000000088a00000, 0x0000000088b00000|  0%| F|  |TAMS 0x0000000088a00000, 0x0000000088a00000| Untracked 
| 139|0x0000000088b00000, 0x0000000088b00000, 0x0000000088c00000|  0%| F|  |TAMS 0x0000000088b00000, 0x0000000088b00000| Untracked 
| 140|0x0000000088c00000, 0x0000000088c00000, 0x0000000088d00000|  0%| F|  |TAMS 0x0000000088c00000, 0x0000000088c00000| Untracked 
| 141|0x0000000088d00000, 0x0000000088d00000, 0x0000000088e00000|  0%| F|  |TAMS 0x0000000088d00000, 0x0000000088d00000| Untracked 
| 142|0x0000000088e00000, 0x0000000088e00000, 0x0000000088f00000|  0%| F|  |TAMS 0x0000000088e00000, 0x0000000088e00000| Untracked 
| 143|0x0000000088f00000, 0x0000000088ff3880, 0x0000000089000000| 95%| E|  |TAMS 0x0000000088f00000, 0x0000000088f00000| Complete 
| 144|0x0000000089000000, 0x0000000089100000, 0x0000000089100000|100%| E|CS|TAMS 0x0000000089000000, 0x0000000089000000| Complete 
| 145|0x0000000089100000, 0x0000000089200000, 0x0000000089200000|100%| E|CS|TAMS 0x0000000089100000, 0x0000000089100000| Complete 
| 146|0x0000000089200000, 0x0000000089300000, 0x0000000089300000|100%| E|CS|TAMS 0x0000000089200000, 0x0000000089200000| Complete 
| 147|0x0000000089300000, 0x0000000089400000, 0x0000000089400000|100%| E|CS|TAMS 0x0000000089300000, 0x0000000089300000| Complete 
| 148|0x0000000089400000, 0x0000000089500000, 0x0000000089500000|100%| E|CS|TAMS 0x0000000089400000, 0x0000000089400000| Complete 
| 149|0x0000000089500000, 0x0000000089600000, 0x0000000089600000|100%| E|CS|TAMS 0x0000000089500000, 0x0000000089500000| Complete 
| 150|0x0000000089600000, 0x0000000089700000, 0x0000000089700000|100%| E|CS|TAMS 0x0000000089600000, 0x0000000089600000| Complete 
| 151|0x0000000089700000, 0x0000000089800000, 0x0000000089800000|100%| E|CS|TAMS 0x0000000089700000, 0x0000000089700000| Complete 
| 152|0x0000000089800000, 0x0000000089900000, 0x0000000089900000|100%| E|CS|TAMS 0x0000000089800000, 0x0000000089800000| Complete 
| 153|0x0000000089900000, 0x0000000089a00000, 0x0000000089a00000|100%| E|CS|TAMS 0x0000000089900000, 0x0000000089900000| Complete 
| 154|0x0000000089a00000, 0x0000000089b00000, 0x0000000089b00000|100%| E|CS|TAMS 0x0000000089a00000, 0x0000000089a00000| Complete 
| 155|0x0000000089b00000, 0x0000000089c00000, 0x0000000089c00000|100%| E|CS|TAMS 0x0000000089b00000, 0x0000000089b00000| Complete 
| 156|0x0000000089c00000, 0x0000000089d00000, 0x0000000089d00000|100%| E|CS|TAMS 0x0000000089c00000, 0x0000000089c00000| Complete 
| 157|0x0000000089d00000, 0x0000000089e00000, 0x0000000089e00000|100%| E|CS|TAMS 0x0000000089d00000, 0x0000000089d00000| Complete 
| 158|0x0000000089e00000, 0x0000000089f00000, 0x0000000089f00000|100%| E|CS|TAMS 0x0000000089e00000, 0x0000000089e00000| Complete 
| 159|0x0000000089f00000, 0x000000008a000000, 0x000000008a000000|100%| E|CS|TAMS 0x0000000089f00000, 0x0000000089f00000| Complete 
| 160|0x000000008a000000, 0x000000008a100000, 0x000000008a100000|100%| E|CS|TAMS 0x000000008a000000, 0x000000008a000000| Complete 
| 161|0x000000008a100000, 0x000000008a200000, 0x000000008a200000|100%| E|CS|TAMS 0x000000008a100000, 0x000000008a100000| Complete 
| 162|0x000000008a200000, 0x000000008a300000, 0x000000008a300000|100%| E|CS|TAMS 0x000000008a200000, 0x000000008a200000| Complete 
| 163|0x000000008a300000, 0x000000008a400000, 0x000000008a400000|100%| E|CS|TAMS 0x000000008a300000, 0x000000008a300000| Complete 
| 164|0x000000008a400000, 0x000000008a500000, 0x000000008a500000|100%| E|CS|TAMS 0x000000008a400000, 0x000000008a400000| Complete 
| 165|0x000000008a500000, 0x000000008a5ffd58, 0x000000008a600000| 99%| E|  |TAMS 0x000000008a500000, 0x000000008a500000| Complete 
| 166|0x000000008a600000, 0x000000008a700000, 0x000000008a700000|100%| E|CS|TAMS 0x000000008a600000, 0x000000008a600000| Complete 
| 167|0x000000008a700000, 0x000000008a800000, 0x000000008a800000|100%| E|CS|TAMS 0x000000008a700000, 0x000000008a700000| Complete 
| 168|0x000000008a800000, 0x000000008a900000, 0x000000008a900000|100%| E|CS|TAMS 0x000000008a800000, 0x000000008a800000| Complete 
| 169|0x000000008a900000, 0x000000008aa00000, 0x000000008aa00000|100%| E|CS|TAMS 0x000000008a900000, 0x000000008a900000| Complete 
| 170|0x000000008aa00000, 0x000000008ab00000, 0x000000008ab00000|100%| E|CS|TAMS 0x000000008aa00000, 0x000000008aa00000| Complete 
| 171|0x000000008ab00000, 0x000000008ac00000, 0x000000008ac00000|100%| E|CS|TAMS 0x000000008ab00000, 0x000000008ab00000| Complete 
| 172|0x000000008ac00000, 0x000000008ad00000, 0x000000008ad00000|100%| E|CS|TAMS 0x000000008ac00000, 0x000000008ac00000| Complete 
| 173|0x000000008ad00000, 0x000000008ae00000, 0x000000008ae00000|100%| E|CS|TAMS 0x000000008ad00000, 0x000000008ad00000| Complete 
| 174|0x000000008ae00000, 0x000000008af00000, 0x000000008af00000|100%| E|CS|TAMS 0x000000008ae00000, 0x000000008ae00000| Complete 
| 175|0x000000008af00000, 0x000000008b000000, 0x000000008b000000|100%| E|CS|TAMS 0x000000008af00000, 0x000000008af00000| Complete 
| 176|0x000000008b000000, 0x000000008b100000, 0x000000008b100000|100%| E|CS|TAMS 0x000000008b000000, 0x000000008b000000| Complete 
| 177|0x000000008b100000, 0x000000008b200000, 0x000000008b200000|100%| E|CS|TAMS 0x000000008b100000, 0x000000008b100000| Complete 
| 178|0x000000008b200000, 0x000000008b300000, 0x000000008b300000|100%| E|CS|TAMS 0x000000008b200000, 0x000000008b200000| Complete 
| 179|0x000000008b300000, 0x000000008b400000, 0x000000008b400000|100%| E|CS|TAMS 0x000000008b300000, 0x000000008b300000| Complete 
| 180|0x000000008b400000, 0x000000008b500000, 0x000000008b500000|100%| E|CS|TAMS 0x000000008b400000, 0x000000008b400000| Complete 
| 181|0x000000008b500000, 0x000000008b600000, 0x000000008b600000|100%| E|CS|TAMS 0x000000008b500000, 0x000000008b500000| Complete 
| 182|0x000000008b600000, 0x000000008b700000, 0x000000008b700000|100%| E|CS|TAMS 0x000000008b600000, 0x000000008b600000| Complete 
| 183|0x000000008b700000, 0x000000008b800000, 0x000000008b800000|100%| E|CS|TAMS 0x000000008b700000, 0x000000008b700000| Complete 

Card table byte_map: [0x00000191485a0000,0x00000191489a0000] _byte_map_base: 0x00000191481a0000

Marking Bits (Prev, Next): (CMBitMap*) 0x000001912f42cb70, (CMBitMap*) 0x000001912f42cb30
 Prev Bits: [0x000001914ada0000, 0x000001914cda0000)
 Next Bits: [0x0000019148da0000, 0x000001914ada0000)

Polling page: 0x000001912f480000

Metaspace:

Usage:
  Non-class:     63.18 MB used.
      Class:      9.95 MB used.
       Both:     73.14 MB used.

Virtual space:
  Non-class space:      128.00 MB reserved,      64.06 MB ( 50%) committed,  2 nodes.
      Class space:      412.00 MB reserved,      10.88 MB (  3%) committed,  1 nodes.
             Both:      540.00 MB reserved,      74.94 MB ( 14%) committed. 

Chunk freelists:
   Non-Class:  3.23 MB
       Class:  989.00 KB
        Both:  4.20 MB

MaxMetaspaceSize: 512.00 MB
CompressedClassSpaceSize: 412.00 MB
Initial GC threshold: 21.00 MB
Current GC threshold: 122.62 MB
CDS: on
MetaspaceReclaimPolicy: balanced
 - commit_granule_bytes: 65536.
 - commit_granule_words: 8192.
 - virtual_space_node_default_size: 8388608.
 - enlarge_chunks_in_place: 1.
 - new_chunks_are_fully_committed: 0.
 - uncommit_free_chunks: 1.
 - use_allocation_guard: 0.


Internal statistics:

num_allocs_failed_limit: 6.
num_arena_births: 3166.
num_arena_deaths: 0.
num_vsnodes_births: 3.
num_vsnodes_deaths: 0.
num_space_committed: 1199.
num_space_uncommitted: 0.
num_chunks_returned_to_freelist: 6.
num_chunks_taken_from_freelist: 6531.
num_chunk_merges: 6.
num_chunk_splits: 4278.
num_chunks_enlarged: 2731.
num_inconsistent_stats: 0.

CodeHeap 'non-profiled nmethods': size=120000Kb used=4020Kb max_used=4445Kb free=115979Kb
 bounds [0x000001913ffe0000, 0x0000019140440000, 0x0000019147510000]
CodeHeap 'profiled nmethods': size=120000Kb used=15574Kb max_used=16775Kb free=104425Kb
 bounds [0x0000019138ab0000, 0x0000019139b20000, 0x000001913ffe0000]
CodeHeap 'non-nmethods': size=5760Kb used=2398Kb max_used=2436Kb free=3361Kb
 bounds [0x0000019138510000, 0x0000019138780000, 0x0000019138ab0000]
 total_blobs=8989 nmethods=8070 adapters=831
 compilation: enabled
              stopped_count=0, restarted_count=0
 full_count=0

Compilation events (20 events):
Event: 13.401 Thread 0x000001914f1fc780 nmethod 9559 0x0000019139228e10 code [0x0000019139229040, 0x0000019139229818]
Event: 13.401 Thread 0x000001914f1fc780 9558       3       groovyjarjarasm.asm.SymbolTable$Entry::<init> (18 bytes)
Event: 13.401 Thread 0x000001914f1fc780 nmethod 9558 0x000001913918ac10 code [0x000001913918adc0, 0x000001913918af48]
Event: 13.403 Thread 0x000001914f1fc780 9561       3       org.codehaus.groovy.reflection.CachedClass$8::initValue (127 bytes)
Event: 13.405 Thread 0x000001914f1fc780 nmethod 9561 0x0000019138dd7390 code [0x0000019138dd76e0, 0x0000019138dd8e98]
Event: 13.405 Thread 0x000001914f1fc780 9560       3       org.codehaus.groovy.reflection.CachedClass$8::initValue (5 bytes)
Event: 13.405 Thread 0x000001914f1fc780 nmethod 9560 0x0000019138f0f490 code [0x0000019138f0f640, 0x0000019138f0f788]
Event: 13.405 Thread 0x000001914f1fc780 9562       3       org.codehaus.groovy.reflection.ClassInfo::createCachedClass (514 bytes)
Event: 13.407 Thread 0x000001914f1fc780 nmethod 9562 0x0000019139043390 code [0x0000019139043940, 0x0000019139046518]
Event: 13.414 Thread 0x000001914f1fc780 9563   !   3       java.util.concurrent.ConcurrentHashMap::computeIfAbsent (576 bytes)
Event: 13.416 Thread 0x000001914f1fc780 nmethod 9563 0x0000019139a15b90 code [0x0000019139a15fa0, 0x0000019139a18378]
Event: 13.416 Thread 0x000001914f1fc780 9566       3       org.gradle.internal.typeconversion.NotationParserBuilder::create (93 bytes)
Event: 13.416 Thread 0x000001914f1fc780 nmethod 9566 0x000001913943bc90 code [0x000001913943bec0, 0x000001913943c8e8]
Event: 13.416 Thread 0x000001914f1fc780 9565       3       org.gradle.internal.typeconversion.NotationParserBuilder::toType (18 bytes)
Event: 13.417 Thread 0x000001914f1fc780 nmethod 9565 0x0000019139362290 code [0x00000191393624a0, 0x0000019139362c18]
Event: 13.417 Thread 0x000001914f1fc780 9567       3       org.gradle.internal.typeconversion.NotationParserBuilder::wrapInErrorHandling (43 bytes)
Event: 13.417 Thread 0x000001914f1fc780 nmethod 9567 0x0000019138ff9410 code [0x0000019138ff95e0, 0x0000019138ff9b38]
Event: 13.418 Thread 0x000001914f1fc780 9568       3       org.codehaus.groovy.runtime.callsite.AbstractCallSite::<init> (35 bytes)
Event: 13.419 Thread 0x000001914f1fc780 nmethod 9568 0x000001913903f290 code [0x000001913903f440, 0x000001913903f8f8]
Event: 13.419 Thread 0x000001914f1fc780 9569       3       org.codehaus.groovy.runtime.metaclass.MetaMethodIndex::copyNonPrivateMethods (24 bytes)

GC Heap History (20 events):
Event: 11.582 GC heap before
{Heap before GC invocations=24 (full 0):
 garbage-first heap   total 95232K, used 76378K [0x0000000080000000, 0x0000000100000000)
  region size 1024K, 25 young (25600K), 3 survivors (3072K)
 Metaspace       used 60635K, committed 62336K, reserved 487424K
  class space    used 8473K, committed 9344K, reserved 421888K
}
Event: 11.586 GC heap after
{Heap after GC invocations=25 (full 0):
 garbage-first heap   total 114688K, used 57114K [0x0000000080000000, 0x0000000100000000)
  region size 1024K, 4 young (4096K), 4 survivors (4096K)
 Metaspace       used 60635K, committed 62336K, reserved 487424K
  class space    used 8473K, committed 9344K, reserved 421888K
}
Event: 11.857 GC heap before
{Heap before GC invocations=26 (full 0):
 garbage-first heap   total 114688K, used 75546K [0x0000000080000000, 0x0000000100000000)
  region size 1024K, 24 young (24576K), 4 survivors (4096K)
 Metaspace       used 61531K, committed 63296K, reserved 487424K
  class space    used 8612K, committed 9536K, reserved 421888K
}
Event: 11.861 GC heap after
{Heap after GC invocations=27 (full 0):
 garbage-first heap   total 114688K, used 58522K [0x0000000080000000, 0x0000000100000000)
  region size 1024K, 2 young (2048K), 2 survivors (2048K)
 Metaspace       used 61531K, committed 63296K, reserved 487424K
  class space    used 8612K, committed 9536K, reserved 421888K
}
Event: 12.023 GC heap before
{Heap before GC invocations=28 (full 0):
 garbage-first heap   total 114688K, used 66714K [0x0000000080000000, 0x0000000100000000)
  region size 1024K, 10 young (10240K), 2 survivors (2048K)
 Metaspace       used 61583K, committed 63296K, reserved 487424K
  class space    used 8620K, committed 9536K, reserved 421888K
}
Event: 12.027 GC heap after
{Heap after GC invocations=29 (full 0):
 garbage-first heap   total 114688K, used 65111K [0x0000000080000000, 0x0000000100000000)
  region size 1024K, 5 young (5120K), 5 survivors (5120K)
 Metaspace       used 61583K, committed 63296K, reserved 487424K
  class space    used 8620K, committed 9536K, reserved 421888K
}
Event: 12.300 GC heap before
{Heap before GC invocations=30 (full 0):
 garbage-first heap   total 116736K, used 87639K [0x0000000080000000, 0x0000000100000000)
  region size 1024K, 26 young (26624K), 5 survivors (5120K)
 Metaspace       used 63962K, committed 65728K, reserved 487424K
  class space    used 8932K, committed 9856K, reserved 421888K
}
Event: 12.305 GC heap after
{Heap after GC invocations=31 (full 0):
 garbage-first heap   total 116736K, used 69339K [0x0000000080000000, 0x0000000100000000)
  region size 1024K, 3 young (3072K), 3 survivors (3072K)
 Metaspace       used 63962K, committed 65728K, reserved 487424K
  class space    used 8932K, committed 9856K, reserved 421888K
}
Event: 12.537 GC heap before
{Heap before GC invocations=31 (full 0):
 garbage-first heap   total 116736K, used 89819K [0x0000000080000000, 0x0000000100000000)
  region size 1024K, 23 young (23552K), 3 survivors (3072K)
 Metaspace       used 67754K, committed 69440K, reserved 487424K
  class space    used 9346K, committed 10240K, reserved 421888K
}
Event: 12.540 GC heap after
{Heap after GC invocations=32 (full 0):
 garbage-first heap   total 116736K, used 70268K [0x0000000080000000, 0x0000000100000000)
  region size 1024K, 1 young (1024K), 1 survivors (1024K)
 Metaspace       used 67754K, committed 69440K, reserved 487424K
  class space    used 9346K, committed 10240K, reserved 421888K
}
Event: 12.765 GC heap before
{Heap before GC invocations=33 (full 0):
 garbage-first heap   total 122880K, used 90748K [0x0000000080000000, 0x0000000100000000)
  region size 1024K, 22 young (22528K), 1 survivors (1024K)
 Metaspace       used 70611K, committed 72384K, reserved 487424K
  class space    used 9658K, committed 10560K, reserved 421888K
}
Event: 12.769 GC heap after
{Heap after GC invocations=34 (full 0):
 garbage-first heap   total 122880K, used 72925K [0x0000000080000000, 0x0000000100000000)
  region size 1024K, 3 young (3072K), 3 survivors (3072K)
 Metaspace       used 70611K, committed 72384K, reserved 487424K
  class space    used 9658K, committed 10560K, reserved 421888K
}
Event: 12.800 GC heap before
{Heap before GC invocations=34 (full 0):
 garbage-first heap   total 122880K, used 75997K [0x0000000080000000, 0x0000000100000000)
  region size 1024K, 6 young (6144K), 3 survivors (3072K)
 Metaspace       used 71064K, committed 72832K, reserved 487424K
  class space    used 9701K, committed 10624K, reserved 421888K
}
Event: 12.804 GC heap after
{Heap after GC invocations=35 (full 0):
 garbage-first heap   total 122880K, used 73477K [0x0000000080000000, 0x0000000100000000)
  region size 1024K, 1 young (1024K), 1 survivors (1024K)
 Metaspace       used 71064K, committed 72832K, reserved 487424K
  class space    used 9701K, committed 10624K, reserved 421888K
}
Event: 12.973 GC heap before
{Heap before GC invocations=35 (full 0):
 garbage-first heap   total 122880K, used 96005K [0x0000000080000000, 0x0000000100000000)
  region size 1024K, 24 young (24576K), 1 survivors (1024K)
 Metaspace       used 73167K, committed 74944K, reserved 487424K
  class space    used 9959K, committed 10880K, reserved 421888K
}
Event: 12.975 GC heap after
{Heap after GC invocations=36 (full 0):
 garbage-first heap   total 122880K, used 74963K [0x0000000080000000, 0x0000000100000000)
  region size 1024K, 3 young (3072K), 3 survivors (3072K)
 Metaspace       used 73167K, committed 74944K, reserved 487424K
  class space    used 9959K, committed 10880K, reserved 421888K
}
Event: 13.196 GC heap before
{Heap before GC invocations=37 (full 0):
 garbage-first heap   total 137216K, used 98515K [0x0000000080000000, 0x0000000100000000)
  region size 1024K, 26 young (26624K), 3 survivors (3072K)
 Metaspace       used 74370K, committed 76224K, reserved 552960K
  class space    used 10115K, committed 11072K, reserved 421888K
}
Event: 13.199 GC heap after
{Heap after GC invocations=38 (full 0):
 garbage-first heap   total 137216K, used 77074K [0x0000000080000000, 0x0000000100000000)
  region size 1024K, 4 young (4096K), 4 survivors (4096K)
 Metaspace       used 74370K, committed 76224K, reserved 552960K
  class space    used 10115K, committed 11072K, reserved 421888K
}
Event: 13.212 GC heap before
{Heap before GC invocations=38 (full 0):
 garbage-first heap   total 137216K, used 79122K [0x0000000080000000, 0x0000000100000000)
  region size 1024K, 6 young (6144K), 4 survivors (4096K)
 Metaspace       used 74441K, committed 76288K, reserved 552960K
  class space    used 10128K, committed 11072K, reserved 421888K
}
Event: 13.217 GC heap after
{Heap after GC invocations=39 (full 0):
 garbage-first heap   total 188416K, used 77380K [0x0000000080000000, 0x0000000100000000)
  region size 1024K, 1 young (1024K), 1 survivors (1024K)
 Metaspace       used 74441K, committed 76288K, reserved 552960K
  class space    used 10128K, committed 11072K, reserved 421888K
}

Deoptimization events (20 events):
Event: 13.264 Thread 0x0000019155a93670 DEOPT PACKING pc=0x00000191392a46ed sp=0x0000007261cf5e90
Event: 13.264 Thread 0x0000019155a93670 DEOPT UNPACKING pc=0x0000019138562b43 sp=0x0000007261cf5390 mode 0
Event: 13.269 Thread 0x0000019155a93670 DEOPT PACKING pc=0x000001913956b695 sp=0x0000007261cf5a60
Event: 13.269 Thread 0x0000019155a93670 DEOPT UNPACKING pc=0x0000019138562b43 sp=0x0000007261cf4f68 mode 0
Event: 13.292 Thread 0x0000019155a93670 Uncommon trap: trap_request=0xffffff45 fr.pc=0x00000191401d1d88 relative=0x0000000000000dc8
Event: 13.292 Thread 0x0000019155a93670 Uncommon trap: reason=unstable_if action=reinterpret pc=0x00000191401d1d88 method=org.codehaus.groovy.runtime.metaclass.MetaMethodIndex.copyNonPrivateNonNewMetaMethods(Lorg/codehaus/groovy/runtime/metaclass/MetaMethodIndex$Entry;Lorg/codehaus/groovy/runti
Event: 13.292 Thread 0x0000019155a93670 DEOPT PACKING pc=0x00000191401d1d88 sp=0x0000007261cf6490
Event: 13.292 Thread 0x0000019155a93670 DEOPT UNPACKING pc=0x00000191385623a3 sp=0x0000007261cf6468 mode 2
Event: 13.313 Thread 0x0000019155a93670 DEOPT PACKING pc=0x000001913956b595 sp=0x0000007261cf69f0
Event: 13.313 Thread 0x0000019155a93670 DEOPT UNPACKING pc=0x0000019138562b43 sp=0x0000007261cf5ef8 mode 0
Event: 13.346 Thread 0x0000019155a93670 DEOPT PACKING pc=0x000001913954086e sp=0x0000007261cf9290
Event: 13.346 Thread 0x0000019155a93670 DEOPT UNPACKING pc=0x0000019138562b43 sp=0x0000007261cf8740 mode 0
Event: 13.386 Thread 0x0000019155a93670 Uncommon trap: trap_request=0xfffffff4 fr.pc=0x000001914016b280 relative=0x00000000000007e0
Event: 13.386 Thread 0x0000019155a93670 Uncommon trap: reason=null_check action=make_not_entrant pc=0x000001914016b280 method=com.sun.beans.introspect.MethodInfo$MethodOrder.compare(Ljava/lang/reflect/Method;Ljava/lang/reflect/Method;)I @ 145 c2
Event: 13.386 Thread 0x0000019155a93670 DEOPT PACKING pc=0x000001914016b280 sp=0x0000007261cf6840
Event: 13.386 Thread 0x0000019155a93670 DEOPT UNPACKING pc=0x00000191385623a3 sp=0x0000007261cf6760 mode 2
Event: 13.399 Thread 0x0000019155a93670 Uncommon trap: trap_request=0xffffff45 fr.pc=0x00000191404040b8 relative=0x00000000000015d8
Event: 13.399 Thread 0x0000019155a93670 Uncommon trap: reason=unstable_if action=reinterpret pc=0x00000191404040b8 method=java.util.concurrent.ConcurrentHashMap.computeIfAbsent(Ljava/lang/Object;Ljava/util/function/Function;)Ljava/lang/Object; @ 244 c2
Event: 13.399 Thread 0x0000019155a93670 DEOPT PACKING pc=0x00000191404040b8 sp=0x0000007261cf6960
Event: 13.399 Thread 0x0000019155a93670 DEOPT UNPACKING pc=0x00000191385623a3 sp=0x0000007261cf6900 mode 2

Classes loaded (20 events):
Event: 13.202 Loading class java/util/LinkedHashMapBeanInfo
Event: 13.202 Loading class java/util/LinkedHashMapBeanInfo done
Event: 13.202 Loading class java/util/LinkedHashMapBeanInfo
Event: 13.202 Loading class java/util/LinkedHashMapBeanInfo done
Event: 13.203 Loading class java/util/LinkedHashMapCustomizer
Event: 13.203 Loading class java/util/LinkedHashMapCustomizer done
Event: 13.203 Loading class java/util/LinkedHashMapCustomizer
Event: 13.203 Loading class java/util/LinkedHashMapCustomizer done
Event: 13.252 Loading class java/beans/IntrospectionException
Event: 13.252 Loading class java/beans/IntrospectionException done
Event: 13.398 Loading class java/lang/BooleanBeanInfo
Event: 13.398 Loading class java/lang/BooleanBeanInfo done
Event: 13.398 Loading class java/lang/BooleanBeanInfo
Event: 13.398 Loading class java/lang/BooleanBeanInfo done
Event: 13.398 Loading class java/lang/BooleanCustomizer
Event: 13.398 Loading class java/lang/BooleanCustomizer done
Event: 13.398 Loading class java/lang/BooleanCustomizer
Event: 13.398 Loading class java/lang/BooleanCustomizer done
Event: 13.398 Loading class jdk/internal/ValueBased
Event: 13.399 Loading class jdk/internal/ValueBased done

Classes unloaded (0 events):
No events

Classes redefined (0 events):
No events

Internal exceptions (20 events):
Event: 13.389 Thread 0x0000019155a93670 Exception <a 'java/lang/ClassNotFoundException'{0x0000000089ab2058}: com/android/build/gradle/internal/dsl/DefaultConfigCustomizer> (0x0000000089ab2058) 
thrown [s\open\src\hotspot\share\classfile\systemDictionary.cpp, line 255]
Event: 13.390 Thread 0x0000019155a93670 Exception <a 'java/lang/ClassNotFoundException'{0x0000000089ad4aa0}: com/android/build/gradle/internal/dsl/DefaultConfig$AgpDecoratedCustomizer> (0x0000000089ad4aa0) 
thrown [s\open\src\hotspot\share\classfile\systemDictionary.cpp, line 255]
Event: 13.392 Thread 0x0000019155a93670 Exception <a 'java/lang/ClassNotFoundException'{0x0000000089921d60}: com/android/build/gradle/internal/dsl/DefaultConfig$AgpDecorated_DecoratedCustomizer> (0x0000000089921d60) 
thrown [s\open\src\hotspot\share\classfile\systemDictionary.cpp, line 255]
Event: 13.398 Thread 0x0000019155a93670 Exception <a 'java/lang/ClassNotFoundException'{0x00000000898341d0}: java/lang/BooleanBeanInfo> (0x00000000898341d0) 
thrown [s\open\src\hotspot\share\classfile\systemDictionary.cpp, line 255]
Event: 13.398 Thread 0x0000019155a93670 Exception <a 'java/lang/ClassNotFoundException'{0x000000008983b6c0}: java/lang/BooleanCustomizer> (0x000000008983b6c0) 
thrown [s\open\src\hotspot\share\classfile\systemDictionary.cpp, line 255]
Event: 13.406 Thread 0x0000019155a93670 Exception <a 'java/lang/ClassNotFoundException'{0x000000008989fc08}: com/android/build/gradle/internal/dsl/Splits$AgpDecorated_DecoratedBeanInfo> (0x000000008989fc08) 
thrown [s\open\src\hotspot\share\classfile\systemDictionary.cpp, line 255]
Event: 13.407 Thread 0x0000019155a93670 Exception <a 'java/lang/ClassNotFoundException'{0x00000000898aac58}: com/android/build/gradle/internal/dsl/Splits$AgpDecoratedBeanInfo> (0x00000000898aac58) 
thrown [s\open\src\hotspot\share\classfile\systemDictionary.cpp, line 255]
Event: 13.407 Thread 0x0000019155a93670 Exception <a 'java/lang/ClassNotFoundException'{0x00000000898b62d8}: com/android/build/gradle/internal/dsl/SplitsBeanInfo> (0x00000000898b62d8) 
thrown [s\open\src\hotspot\share\classfile\systemDictionary.cpp, line 255]
Event: 13.408 Thread 0x0000019155a93670 Exception <a 'java/lang/ClassNotFoundException'{0x00000000898c0e80}: com/android/build/gradle/internal/dsl/SplitsCustomizer> (0x00000000898c0e80) 
thrown [s\open\src\hotspot\share\classfile\systemDictionary.cpp, line 255]
Event: 13.408 Thread 0x0000019155a93670 Exception <a 'java/lang/ClassNotFoundException'{0x00000000898d60f8}: com/android/build/gradle/internal/dsl/Splits$AgpDecoratedCustomizer> (0x00000000898d60f8) 
thrown [s\open\src\hotspot\share\classfile\systemDictionary.cpp, line 255]
Event: 13.409 Thread 0x0000019155a93670 Exception <a 'java/lang/ClassNotFoundException'{0x00000000898eb330}: com/android/build/gradle/internal/dsl/Splits$AgpDecorated_DecoratedCustomizer> (0x00000000898eb330) 
thrown [s\open\src\hotspot\share\classfile\systemDictionary.cpp, line 255]
Event: 13.412 Thread 0x0000019155a93670 Exception <a 'java/lang/ClassNotFoundException'{0x00000000897572d8}: com/android/build/gradle/internal/dsl/AbiSplitOptions$AgpDecorated_DecoratedBeanInfo> (0x00000000897572d8) 
thrown [s\open\src\hotspot\share\classfile\systemDictionary.cpp, line 255]
Event: 13.412 Thread 0x0000019155a93670 Exception <a 'java/lang/ClassNotFoundException'{0x0000000089763408}: com/android/build/gradle/internal/dsl/AbiSplitOptions$AgpDecoratedBeanInfo> (0x0000000089763408) 
thrown [s\open\src\hotspot\share\classfile\systemDictionary.cpp, line 255]
Event: 13.412 Thread 0x0000019155a93670 Exception <a 'java/lang/ClassNotFoundException'{0x000000008976f388}: com/android/build/gradle/internal/dsl/AbiSplitOptionsBeanInfo> (0x000000008976f388) 
thrown [s\open\src\hotspot\share\classfile\systemDictionary.cpp, line 255]
Event: 13.412 Thread 0x0000019155a93670 Exception <a 'java/lang/ClassNotFoundException'{0x000000008977c270}: com/android/build/gradle/internal/dsl/SplitOptionsBeanInfo> (0x000000008977c270) 
thrown [s\open\src\hotspot\share\classfile\systemDictionary.cpp, line 255]
Event: 13.413 Thread 0x0000019155a93670 Exception <a 'java/lang/ClassNotFoundException'{0x0000000089788700}: com/android/build/gradle/internal/dsl/SplitOptionsCustomizer> (0x0000000089788700) 
thrown [s\open\src\hotspot\share\classfile\systemDictionary.cpp, line 255]
Event: 13.413 Thread 0x0000019155a93670 Exception <a 'java/lang/ClassNotFoundException'{0x0000000089798f68}: com/android/build/gradle/internal/dsl/AbiSplitOptionsCustomizer> (0x0000000089798f68) 
thrown [s\open\src\hotspot\share\classfile\systemDictionary.cpp, line 255]
Event: 13.413 Thread 0x0000019155a93670 Exception <a 'java/lang/ClassNotFoundException'{0x00000000897a8b68}: com/android/build/gradle/internal/dsl/AbiSplitOptions$AgpDecoratedCustomizer> (0x00000000897a8b68) 
thrown [s\open\src\hotspot\share\classfile\systemDictionary.cpp, line 255]
Event: 13.414 Thread 0x0000019155a93670 Exception <a 'java/lang/ClassNotFoundException'{0x00000000897ba7b0}: com/android/build/gradle/internal/dsl/AbiSplitOptions$AgpDecorated_DecoratedCustomizer> (0x00000000897ba7b0) 
thrown [s\open\src\hotspot\share\classfile\systemDictionary.cpp, line 255]
Event: 13.415 Thread 0x0000019155a93670 Exception <a 'java/lang/NoSuchMethodError'{0x00000000897dbc60}: 'void java.lang.invoke.DirectMethodHandle$Holder.invokeVirtual(java.lang.Object, java.lang.Object, int)'> (0x00000000897dbc60) 
thrown [s\open\src\hotspot\share\interpreter\linkResolver.cpp, line 759]

VM Operations (20 events):
Event: 12.765 Executing VM operation: G1CollectForAllocation
Event: 12.769 Executing VM operation: G1CollectForAllocation done
Event: 12.800 Executing VM operation: G1CollectForAllocation
Event: 12.804 Executing VM operation: G1CollectForAllocation done
Event: 12.973 Executing VM operation: G1CollectForAllocation
Event: 12.975 Executing VM operation: G1CollectForAllocation done
Event: 13.008 Executing VM operation: G1Concurrent
Event: 13.012 Executing VM operation: G1Concurrent done
Event: 13.025 Executing VM operation: G1Concurrent
Event: 13.025 Executing VM operation: G1Concurrent done
Event: 13.035 Executing VM operation: HandshakeAllThreads
Event: 13.036 Executing VM operation: HandshakeAllThreads done
Event: 13.052 Executing VM operation: HandshakeAllThreads
Event: 13.052 Executing VM operation: HandshakeAllThreads done
Event: 13.069 Executing VM operation: HandshakeAllThreads
Event: 13.070 Executing VM operation: HandshakeAllThreads done
Event: 13.196 Executing VM operation: G1CollectForAllocation
Event: 13.199 Executing VM operation: G1CollectForAllocation done
Event: 13.212 Executing VM operation: G1CollectForAllocation
Event: 13.218 Executing VM operation: G1CollectForAllocation done

Events (20 events):
Event: 13.080 Thread 0x000001914f1fd070 flushing nmethod 0x0000019139968290
Event: 13.080 Thread 0x000001914f1fd070 flushing nmethod 0x0000019139980790
Event: 13.080 Thread 0x000001914f1fd070 flushing nmethod 0x0000019139985310
Event: 13.081 Thread 0x000001914f1fd070 flushing nmethod 0x000001913999cc10
Event: 13.081 Thread 0x000001914f1fd070 flushing nmethod 0x00000191399cca10
Event: 13.081 Thread 0x000001914f1fd070 flushing nmethod 0x00000191399cd790
Event: 13.081 Thread 0x000001914f1fd070 flushing nmethod 0x0000019139a01410
Event: 13.081 Thread 0x000001914f1fd070 flushing nmethod 0x0000019139a06b90
Event: 13.081 Thread 0x000001914f1fd070 flushing nmethod 0x0000019139a07910
Event: 13.081 Thread 0x000001914f1fd070 flushing nmethod 0x0000019139a0c190
Event: 13.081 Thread 0x000001914f1fd070 flushing nmethod 0x0000019139a0c890
Event: 13.081 Thread 0x000001914f1fd070 flushing nmethod 0x0000019139a15b90
Event: 13.081 Thread 0x000001914f1fd070 flushing nmethod 0x0000019139a16110
Event: 13.081 Thread 0x000001914f1fd070 flushing nmethod 0x0000019139a16510
Event: 13.081 Thread 0x000001914f1fd070 flushing nmethod 0x0000019139a16b90
Event: 13.081 Thread 0x000001914f1fd070 flushing nmethod 0x0000019139a1f690
Event: 13.081 Thread 0x000001914f1fd070 flushing nmethod 0x0000019139a29d90
Event: 13.081 Thread 0x000001914f1fd070 flushing nmethod 0x0000019139a5b010
Event: 13.081 Thread 0x000001914f1fd070 flushing nmethod 0x0000019139adce90
Event: 13.081 Thread 0x000001914f1fd070 flushing nmethod 0x0000019139ae1c90


Dynamic libraries:
0x00007ff62fa40000 - 0x00007ff62fa50000 	C:\Program Files\Java\jdk-18.0.2.1\bin\java.exe
0x00007ffe0aff0000 - 0x00007ffe0b207000 	C:\WINDOWS\SYSTEM32\ntdll.dll
0x00007ffe09ea0000 - 0x00007ffe09f64000 	C:\WINDOWS\System32\KERNEL32.DLL
0x00007ffe08720000 - 0x00007ffe08ac6000 	C:\WINDOWS\System32\KERNELBASE.dll
0x00007ffe08370000 - 0x00007ffe08481000 	C:\WINDOWS\System32\ucrtbase.dll
0x00007ffde1420000 - 0x00007ffde143a000 	C:\Program Files\Java\jdk-18.0.2.1\bin\VCRUNTIME140.dll
0x00007ffde22e0000 - 0x00007ffde22f8000 	C:\Program Files\Java\jdk-18.0.2.1\bin\jli.dll
0x00007ffe08ec0000 - 0x00007ffe08f70000 	C:\WINDOWS\System32\ADVAPI32.dll
0x00007ffe09df0000 - 0x00007ffe09e97000 	C:\WINDOWS\System32\msvcrt.dll
0x00007ffe0a4d0000 - 0x00007ffe0a576000 	C:\WINDOWS\System32\sechost.dll
0x00007ffe0a580000 - 0x00007ffe0a697000 	C:\WINDOWS\System32\RPCRT4.dll
0x00007ffe0a210000 - 0x00007ffe0a3bd000 	C:\WINDOWS\System32\USER32.dll
0x00007ffdf5b40000 - 0x00007ffdf5dd3000 	C:\WINDOWS\WinSxS\amd64_microsoft.windows.common-controls_6595b64144ccf1df_6.0.22621.2361_none_2712ced57382f843\COMCTL32.dll
0x00007ffe08c60000 - 0x00007ffe08c86000 	C:\WINDOWS\System32\win32u.dll
0x00007ffe0a4a0000 - 0x00007ffe0a4c9000 	C:\WINDOWS\System32\GDI32.dll
0x00007ffe08b40000 - 0x00007ffe08c58000 	C:\WINDOWS\System32\gdi32full.dll
0x00007ffe08490000 - 0x00007ffe0852a000 	C:\WINDOWS\System32\msvcp_win.dll
0x00007ffe01aa0000 - 0x00007ffe01aaa000 	C:\WINDOWS\SYSTEM32\VERSION.dll
0x00007ffe08e50000 - 0x00007ffe08e81000 	C:\WINDOWS\System32\IMM32.DLL
0x00007ffde5e60000 - 0x00007ffde5e6c000 	C:\Program Files\Java\jdk-18.0.2.1\bin\vcruntime140_1.dll
0x00007ffdc8350000 - 0x00007ffdc83dd000 	C:\Program Files\Java\jdk-18.0.2.1\bin\msvcp140.dll
0x00007ffdc3d20000 - 0x00007ffdc4931000 	C:\Program Files\Java\jdk-18.0.2.1\bin\server\jvm.dll
0x00007ffe0a950000 - 0x00007ffe0a958000 	C:\WINDOWS\System32\PSAPI.DLL
0x00007ffe01ad0000 - 0x00007ffe01b04000 	C:\WINDOWS\SYSTEM32\WINMM.dll
0x00007ffdf1240000 - 0x00007ffdf1249000 	C:\WINDOWS\SYSTEM32\WSOCK32.dll
0x00007ffe0a420000 - 0x00007ffe0a491000 	C:\WINDOWS\System32\WS2_32.dll
0x00007ffe07310000 - 0x00007ffe07328000 	C:\WINDOWS\SYSTEM32\kernel.appcore.dll
0x00007ffde5d30000 - 0x00007ffde5d3a000 	C:\Program Files\Java\jdk-18.0.2.1\bin\jimage.dll
0x00007ffe05d50000 - 0x00007ffe05f7e000 	C:\WINDOWS\SYSTEM32\DBGHELP.DLL
0x00007ffe08f70000 - 0x00007ffe092fa000 	C:\WINDOWS\System32\combase.dll
0x00007ffe09300000 - 0x00007ffe093d7000 	C:\WINDOWS\System32\OLEAUT32.dll
0x00007ffdf3540000 - 0x00007ffdf3572000 	C:\WINDOWS\SYSTEM32\dbgcore.DLL
0x00007ffe08530000 - 0x00007ffe085aa000 	C:\WINDOWS\System32\bcryptPrimitives.dll
0x00007ffddb420000 - 0x00007ffddb445000 	C:\Program Files\Java\jdk-18.0.2.1\bin\java.dll
0x00007ffdc8270000 - 0x00007ffdc8346000 	C:\Program Files\Java\jdk-18.0.2.1\bin\jsvml.dll
0x00007ffe09590000 - 0x00007ffe09de8000 	C:\WINDOWS\System32\SHELL32.dll
0x00007ffe06280000 - 0x00007ffe06b72000 	C:\WINDOWS\SYSTEM32\windows.storage.dll
0x00007ffe06140000 - 0x00007ffe0627e000 	C:\WINDOWS\SYSTEM32\wintypes.dll
0x00007ffe0a6a0000 - 0x00007ffe0a793000 	C:\WINDOWS\System32\SHCORE.dll
0x00007ffe0a8f0000 - 0x00007ffe0a94e000 	C:\WINDOWS\System32\shlwapi.dll
0x00007ffe082a0000 - 0x00007ffe082c6000 	C:\WINDOWS\SYSTEM32\profapi.dll
0x00007ffddeb50000 - 0x00007ffddeb63000 	C:\Program Files\Java\jdk-18.0.2.1\bin\net.dll
0x00007ffe01900000 - 0x00007ffe01a37000 	C:\WINDOWS\SYSTEM32\WINHTTP.dll
0x00007ffdcf540000 - 0x00007ffdcf820000 	C:\Windows\GearUPBooster\lsp64.dll
0x00007ffe085b0000 - 0x00007ffe08716000 	C:\WINDOWS\System32\CRYPT32.dll
0x00007ffe06de0000 - 0x00007ffe06e0d000 	C:\WINDOWS\SYSTEM32\IPHLPAPI.DLL
0x00007ffe077e0000 - 0x00007ffe07849000 	C:\WINDOWS\system32\mswsock.dll
0x00007ffe08ad0000 - 0x00007ffe08b3c000 	C:\WINDOWS\System32\WINTRUST.DLL
0x00007ffe07f20000 - 0x00007ffe07f32000 	C:\WINDOWS\SYSTEM32\MSASN1.dll
0x00007ffe08ea0000 - 0x00007ffe08ebf000 	C:\WINDOWS\System32\imagehlp.dll
0x00007ffe07a60000 - 0x00007ffe07a7b000 	C:\WINDOWS\SYSTEM32\CRYPTSP.dll
0x00007ffe072d0000 - 0x00007ffe07305000 	C:\WINDOWS\system32\rsaenh.dll
0x00007ffe079f0000 - 0x00007ffe079fc000 	C:\WINDOWS\SYSTEM32\CRYPTBASE.dll
0x00007ffe07c20000 - 0x00007ffe07c48000 	C:\WINDOWS\SYSTEM32\bcrypt.dll
0x00007ffdcf820000 - 0x00007ffdcf836000 	C:\Program Files\Java\jdk-18.0.2.1\bin\nio.dll
0x00007ffdcd2d0000 - 0x00007ffdcd2e8000 	C:\Program Files\Java\jdk-18.0.2.1\bin\zip.dll
0x00007ffde2310000 - 0x00007ffde2320000 	C:\Program Files\Java\jdk-18.0.2.1\bin\verify.dll
0x00007ffdcd310000 - 0x00007ffdcd337000 	C:\Users\Acer nitro\.gradle\native\e1d6ef7f7dcc3fd88c89a11ec53ec762bb8ba0a96d01ffa2cd45eb1d1d8dd5c5\windows-amd64\native-platform.dll
0x00007ffdc2e30000 - 0x00007ffdc2f74000 	C:\Users\Acer nitro\.gradle\native\0d407fdbe67a94daf76414ababcb853783967236a71b16ec16e742cd7a986fd3\windows-amd64\native-platform-file-events.dll
0x00007ffde5a80000 - 0x00007ffde5a89000 	C:\Program Files\Java\jdk-18.0.2.1\bin\management.dll
0x00007ffde5500000 - 0x00007ffde550b000 	C:\Program Files\Java\jdk-18.0.2.1\bin\management_ext.dll
0x00007ffe07880000 - 0x00007ffe078ac000 	C:\WINDOWS\SYSTEM32\USERENV.dll
0x00007ffe0afa0000 - 0x00007ffe0afa9000 	C:\WINDOWS\System32\NSI.dll
0x00007ffe01ab0000 - 0x00007ffe01ac9000 	C:\WINDOWS\SYSTEM32\dhcpcsvc6.DLL
0x00007ffe01750000 - 0x00007ffe0176f000 	C:\WINDOWS\SYSTEM32\dhcpcsvc.DLL
0x00007ffe06e50000 - 0x00007ffe06f49000 	C:\WINDOWS\SYSTEM32\DNSAPI.dll

dbghelp: loaded successfully - version: 4.0.5 - missing functions: none
symbol engine: initialized successfully - sym options: 0x614 - pdb path: .;C:\Program Files\Java\jdk-18.0.2.1\bin;C:\WINDOWS\SYSTEM32;C:\WINDOWS\WinSxS\amd64_microsoft.windows.common-controls_6595b64144ccf1df_6.0.22621.2361_none_2712ced57382f843;C:\Program Files\Java\jdk-18.0.2.1\bin\server;C:\Windows\GearUPBooster;C:\Users\Acer nitro\.gradle\native\e1d6ef7f7dcc3fd88c89a11ec53ec762bb8ba0a96d01ffa2cd45eb1d1d8dd5c5\windows-amd64;C:\Users\Acer nitro\.gradle\native\0d407fdbe67a94daf76414ababcb853783967236a71b16ec16e742cd7a986fd3\windows-amd64

VM Arguments:
jvm_args: -XX:MaxMetaspaceSize=512m --add-opens=java.base/java.util=ALL-UNNAMED --add-opens=java.base/java.lang=ALL-UNNAMED --add-opens=java.base/java.lang.invoke=ALL-UNNAMED --add-opens=java.base/java.util=ALL-UNNAMED --add-opens=java.prefs/java.util.prefs=ALL-UNNAMED --add-opens=java.prefs/java.util.prefs=ALL-UNNAMED --add-opens=java.base/java.nio.charset=ALL-UNNAMED --add-opens=java.base/java.net=ALL-UNNAMED --add-opens=java.base/java.util.concurrent.atomic=ALL-UNNAMED -Xmx2048m -Dfile.encoding=UTF-8 -Duser.country=US -Duser.language=en -Duser.variant 
java_command: org.gradle.launcher.daemon.bootstrap.GradleDaemon 7.4.2
java_class_path (initial): C:\Users\Acer nitro\.gradle\wrapper\dists\gradle-7.4.2-bin\48ivgl02cpt2ed3fh9dbalvx8\gradle-7.4.2\lib\gradle-launcher-7.4.2.jar
Launcher Type: SUN_STANDARD

[Global flags]
     intx CICompilerCount                          = 4                                         {product} {ergonomic}
   size_t CompressedClassSpaceSize                 = 432013312                                 {product} {ergonomic}
     uint ConcGCThreads                            = 3                                         {product} {ergonomic}
     uint G1ConcRefinementThreads                  = 10                                        {product} {ergonomic}
   size_t G1HeapRegionSize                         = 1048576                                   {product} {ergonomic}
    uintx GCDrainStackTargetSize                   = 64                                        {product} {ergonomic}
   size_t InitialHeapSize                          = 123731968                                 {product} {ergonomic}
   size_t MarkStackSize                            = 4194304                                   {product} {ergonomic}
   size_t MaxHeapSize                              = 2147483648                                {product} {command line}
   size_t MaxMetaspaceSize                         = 536870912                                 {product} {command line}
   size_t MaxNewSize                               = 1287651328                                {product} {ergonomic}
   size_t MinHeapDeltaBytes                        = 1048576                                   {product} {ergonomic}
   size_t MinHeapSize                              = 8388608                                   {product} {ergonomic}
    uintx NonNMethodCodeHeapSize                   = 5839372                                {pd product} {ergonomic}
    uintx NonProfiledCodeHeapSize                  = 122909434                              {pd product} {ergonomic}
    uintx ProfiledCodeHeapSize                     = 122909434                              {pd product} {ergonomic}
    uintx ReservedCodeCacheSize                    = 251658240                              {pd product} {ergonomic}
     bool SegmentedCodeCache                       = true                                      {product} {ergonomic}
   size_t SoftMaxHeapSize                          = 2147483648                             {manageable} {ergonomic}
     bool UseCompressedClassPointers               = true                           {product lp64_product} {ergonomic}
     bool UseCompressedOops                        = true                           {product lp64_product} {ergonomic}
     bool UseG1GC                                  = true                                      {product} {ergonomic}
     bool UseLargePagesIndividualAllocation        = false                                  {pd product} {ergonomic}

Logging:
Log output configuration:
 #0: stdout all=warning uptime,level,tags foldmultilines=false
 #1: stderr all=off uptime,level,tags foldmultilines=false

Environment Variables:
JAVA_HOME=C:\Program Files\Java\jdk-18.0.2.1
CLASSPATH=D:\ad_react\TravelApp\android\\gradle\wrapper\gradle-wrapper.jar
PATH=D:\ad_react\TravelApp\android\node_modules\.bin;D:\ad_react\TravelApp\node_modules\.bin;D:\ad_react\node_modules\.bin;D:\node_modules\.bin;C:\Program Files\nodejs;D:\ad_react\TravelApp\node_modules\.bin;D:\ad_react\TravelApp\node_modules\.bin;D:\ad_react\node_modules\.bin;D:\node_modules\.bin;C:\Program Files\nodejs\node_modules\npm\node_modules\@npmcli\run-script\lib\node-gyp-bin;C:\Program Files\PowerShell\7;C:\Program Files\Common Files\Oracle\Java\javapath;C:\Program Files\Microsoft\jdk-11.0.18.10-hotspot\bin;C:\Program Files (x86)\Common Files\Oracle\Java\javapath;C:\Program Files\Microsoft\jdk-17.0.1.12-hotspot\bin;C:\Windows\system32;C:\Windows;C:\Windows\System32\Wbem;C:\Windows\System32\OpenSSH;C:\Windows\System32\WindowsPowerShell\v1.0;C:\Program Files (x86)\NVIDIA Corporation\PhysX\Common;C:\Program Files\NVIDIA Corporation\NVIDIA NvDLISR;C:\WINDOWS\system32;C:\WINDOWS;C:\WINDOWS\System32\Wbem;C:\WINDOWS\System32\WindowsPowerShell\v1.0\;C:\WINDOWS\System32\OpenSSH\;C:\ProgramData\chocolatey\bin;C:\Program Files\nodejs\;C:\Program Files\Git\cmd;C:\Program Files\PowerShell\7\;C:\Program Files\MySQL\MySQL Shell 8.0\bin\;C:\flutter\bin;C:\Users\Acer nitro\AppData\Local\Android\Sdk\platform-tools;C:\Users\Acer nitro\AppData\Local\Programs\Python\Python310\Scripts\;C:\Users\Acer nitro\AppData\Local\Programs\Python\Python310\;C:\Users\Acer nitro\AppData\Local\Microsoft\WindowsApps;C:\Users\Acer nitro\AppData\Local\Programs\Microsoft VS Code\bin;C:\Users\Acer nitro\AppData\Roaming\npm;C:\Program Files\Git\bin\git.exe;C:\Program Files\Git\cmd;C:\Program Files\Git\bin;C:\Windows\System32;C:\Program Files\MongoDB\Server\6.0\bin;C:\Windows\System32\WindowsPowerShell\v1.0;C:\xampp\php
USERNAME=Acer nitro
LANG=en_US.UTF-8
OS=Windows_NT
PROCESSOR_IDENTIFIER=AMD64 Family 25 Model 80 Stepping 0, AuthenticAMD



---------------  S Y S T E M  ---------------

OS:
 Windows 11 , 64 bit Build 22621 (10.0.22621.2428)
OS uptime: 2 days 1:23 hours
Hyper-V role detected

CPU: total 12 (initial active 12) (12 cores per cpu, 2 threads per core) family 25 model 80 stepping 0 microcode 0x0, cx8, cmov, fxsr, ht, mmx, 3dnowpref, sse, sse2, sse3, ssse3, sse4a, sse4.1, sse4.2, popcnt, lzcnt, tsc, tscinvbit, avx, avx2, aes, erms, clmul, bmi1, bmi2, adx, sha, fma, vzeroupper, clflush, clflushopt, hv

Memory: 4k page, system-wide physical 7532M (386M free)
TotalPageFile size 20332M (AvailPageFile size 0M)
current process WorkingSet (physical memory assigned to process): 407M, peak: 407M
current process commit charge ("private bytes"): 462M, peak: 465M

vm_info: Java HotSpot(TM) 64-Bit Server VM (18.0.2.1+1-1) for windows-amd64 JRE (18.0.2.1+1-1), built on Aug 16 2022 01:46:33 by "mach5one" with MS VC++ 16.8 / 16.9 (VS2019)

END.
